Change Managed Component Library Link : Designator=C1 Old VaultGUID= New VaultGUID=7C5C494C-8C0B-46E3-B7B5-096FDD15FE09 Old ItemGUID= New ItemGUID=3E557ED3-80FD-4B22-838C-797E15750DC9 Old RevisionGUID= New RevisionGUID=F83007E9-3CF4-459C-85B7-FC5C8EAB1870
Change Managed Component Library Link : Designator=C2 Old VaultGUID= New VaultGUID=7C5C494C-8C0B-46E3-B7B5-096FDD15FE09 Old ItemGUID= New ItemGUID=6D261776-D923-4A41-8D8C-36DC80E1A56D Old RevisionGUID= New RevisionGUID=889E1CCF-6470-4D7F-AF77-C726CA8376AA
Change Managed Component Library Link : Designator=C3 Old VaultGUID= New VaultGUID=7C5C494C-8C0B-46E3-B7B5-096FDD15FE09 Old ItemGUID= New ItemGUID=08B63D84-8DBE-4563-BB5F-C8CFAA483D5D Old RevisionGUID= New RevisionGUID=B02732A9-EDAD-435B-83E5-A1123760CEF6
Change Managed Component Library Link : Designator=C4 Old VaultGUID= New VaultGUID=7C5C494C-8C0B-46E3-B7B5-096FDD15FE09 Old ItemGUID= New ItemGUID=2712CBEF-1A8B-40FE-9F49-FCC84DC91CE5 Old RevisionGUID= New RevisionGUID=7FF208EF-DDB6-4E08-8A5B-B6338735879B
Change Managed Component Library Link : Designator=C5 Old VaultGUID= New VaultGUID=7C5C494C-8C0B-46E3-B7B5-096FDD15FE09 Old ItemGUID= New ItemGUID=2712CBEF-1A8B-40FE-9F49-FCC84DC91CE5 Old RevisionGUID= New RevisionGUID=7FF208EF-DDB6-4E08-8A5B-B6338735879B
Change Managed Component Library Link : Designator=C6 Old VaultGUID= New VaultGUID=7C5C494C-8C0B-46E3-B7B5-096FDD15FE09 Old ItemGUID= New ItemGUID=2712CBEF-1A8B-40FE-9F49-FCC84DC91CE5 Old RevisionGUID= New RevisionGUID=7FF208EF-DDB6-4E08-8A5B-B6338735879B
Change Managed Component Library Link : Designator=C7 Old VaultGUID= New VaultGUID=7C5C494C-8C0B-46E3-B7B5-096FDD15FE09 Old ItemGUID= New ItemGUID=2712CBEF-1A8B-40FE-9F49-FCC84DC91CE5 Old RevisionGUID= New RevisionGUID=7FF208EF-DDB6-4E08-8A5B-B6338735879B
Change Managed Component Library Link : Designator=C8 Old VaultGUID= New VaultGUID=7C5C494C-8C0B-46E3-B7B5-096FDD15FE09 Old ItemGUID= New ItemGUID=2712CBEF-1A8B-40FE-9F49-FCC84DC91CE5 Old RevisionGUID= New RevisionGUID=7FF208EF-DDB6-4E08-8A5B-B6338735879B
Change Managed Component Library Link : Designator=C9 Old VaultGUID= New VaultGUID=7C5C494C-8C0B-46E3-B7B5-096FDD15FE09 Old ItemGUID= New ItemGUID=2712CBEF-1A8B-40FE-9F49-FCC84DC91CE5 Old RevisionGUID= New RevisionGUID=7FF208EF-DDB6-4E08-8A5B-B6338735879B
Change Managed Component Library Link : Designator=C10 Old VaultGUID= New VaultGUID=7C5C494C-8C0B-46E3-B7B5-096FDD15FE09 Old ItemGUID= New ItemGUID=2712CBEF-1A8B-40FE-9F49-FCC84DC91CE5 Old RevisionGUID= New RevisionGUID=7FF208EF-DDB6-4E08-8A5B-B6338735879B
Change Managed Component Library Link : Designator=C11 Old VaultGUID= New VaultGUID=7C5C494C-8C0B-46E3-B7B5-096FDD15FE09 Old ItemGUID= New ItemGUID=2712CBEF-1A8B-40FE-9F49-FCC84DC91CE5 Old RevisionGUID= New RevisionGUID=7FF208EF-DDB6-4E08-8A5B-B6338735879B
Change Managed Component Library Link : Designator=C12 Old VaultGUID= New VaultGUID=7C5C494C-8C0B-46E3-B7B5-096FDD15FE09 Old ItemGUID= New ItemGUID=55D237E1-1A8B-4EC9-A7DE-8DA8D01D4467 Old RevisionGUID= New RevisionGUID=2EAF3A6B-BEB1-4861-A89D-AF30E17E5AB5
Change Managed Component Library Link : Designator=C13 Old VaultGUID= New VaultGUID=7C5C494C-8C0B-46E3-B7B5-096FDD15FE09 Old ItemGUID= New ItemGUID=74BD3FD9-35CC-4023-B664-643FF728B81A Old RevisionGUID= New RevisionGUID=47291DA3-E8A3-46AA-BFC1-5A999C8EAB53
Change Managed Component Library Link : Designator=C14 Old VaultGUID= New VaultGUID=7C5C494C-8C0B-46E3-B7B5-096FDD15FE09 Old ItemGUID= New ItemGUID=2712CBEF-1A8B-40FE-9F49-FCC84DC91CE5 Old RevisionGUID= New RevisionGUID=7FF208EF-DDB6-4E08-8A5B-B6338735879B
Change Managed Component Library Link : Designator=C15 Old VaultGUID= New VaultGUID=7C5C494C-8C0B-46E3-B7B5-096FDD15FE09 Old ItemGUID= New ItemGUID=55D237E1-1A8B-4EC9-A7DE-8DA8D01D4467 Old RevisionGUID= New RevisionGUID=2EAF3A6B-BEB1-4861-A89D-AF30E17E5AB5
Change Managed Component Library Link : Designator=C16 Old VaultGUID= New VaultGUID=7C5C494C-8C0B-46E3-B7B5-096FDD15FE09 Old ItemGUID= New ItemGUID=2712CBEF-1A8B-40FE-9F49-FCC84DC91CE5 Old RevisionGUID= New RevisionGUID=7FF208EF-DDB6-4E08-8A5B-B6338735879B
Change Managed Component Library Link : Designator=C17 Old VaultGUID= New VaultGUID=7C5C494C-8C0B-46E3-B7B5-096FDD15FE09 Old ItemGUID= New ItemGUID=2712CBEF-1A8B-40FE-9F49-FCC84DC91CE5 Old RevisionGUID= New RevisionGUID=7FF208EF-DDB6-4E08-8A5B-B6338735879B
Change Managed Component Library Link : Designator=C18 Old VaultGUID= New VaultGUID=7C5C494C-8C0B-46E3-B7B5-096FDD15FE09 Old ItemGUID= New ItemGUID=2712CBEF-1A8B-40FE-9F49-FCC84DC91CE5 Old RevisionGUID= New RevisionGUID=7FF208EF-DDB6-4E08-8A5B-B6338735879B
Change Managed Component Library Link : Designator=C19 Old VaultGUID= New VaultGUID=7C5C494C-8C0B-46E3-B7B5-096FDD15FE09 Old ItemGUID= New ItemGUID=2712CBEF-1A8B-40FE-9F49-FCC84DC91CE5 Old RevisionGUID= New RevisionGUID=7FF208EF-DDB6-4E08-8A5B-B6338735879B
Change Managed Component Library Link : Designator=C20 Old VaultGUID= New VaultGUID=7C5C494C-8C0B-46E3-B7B5-096FDD15FE09 Old ItemGUID= New ItemGUID=03EB978B-0170-4194-89D4-4746DE420ECC Old RevisionGUID= New RevisionGUID=F279B31F-A106-44EB-9872-26B08621F71C
Change Managed Component Library Link : Designator=C21 Old VaultGUID= New VaultGUID=7C5C494C-8C0B-46E3-B7B5-096FDD15FE09 Old ItemGUID= New ItemGUID=2712CBEF-1A8B-40FE-9F49-FCC84DC91CE5 Old RevisionGUID= New RevisionGUID=7FF208EF-DDB6-4E08-8A5B-B6338735879B
Change Managed Component Library Link : Designator=C22 Old VaultGUID= New VaultGUID=7C5C494C-8C0B-46E3-B7B5-096FDD15FE09 Old ItemGUID= New ItemGUID=2712CBEF-1A8B-40FE-9F49-FCC84DC91CE5 Old RevisionGUID= New RevisionGUID=7FF208EF-DDB6-4E08-8A5B-B6338735879B
Change Managed Component Library Link : Designator=C23 Old VaultGUID= New VaultGUID=7C5C494C-8C0B-46E3-B7B5-096FDD15FE09 Old ItemGUID= New ItemGUID=2712CBEF-1A8B-40FE-9F49-FCC84DC91CE5 Old RevisionGUID= New RevisionGUID=7FF208EF-DDB6-4E08-8A5B-B6338735879B
Change Managed Component Library Link : Designator=C24 Old VaultGUID= New VaultGUID=7C5C494C-8C0B-46E3-B7B5-096FDD15FE09 Old ItemGUID= New ItemGUID=2712CBEF-1A8B-40FE-9F49-FCC84DC91CE5 Old RevisionGUID= New RevisionGUID=7FF208EF-DDB6-4E08-8A5B-B6338735879B
Change Managed Component Library Link : Designator=C25 Old VaultGUID= New VaultGUID=7C5C494C-8C0B-46E3-B7B5-096FDD15FE09 Old ItemGUID= New ItemGUID=495DA482-BB64-4950-B33F-B32D8174DA7E Old RevisionGUID= New RevisionGUID=FE533056-D8BE-445B-9A61-EBD1CA06EF0C
Change Managed Component Library Link : Designator=C26 Old VaultGUID= New VaultGUID=7C5C494C-8C0B-46E3-B7B5-096FDD15FE09 Old ItemGUID= New ItemGUID=03EB978B-0170-4194-89D4-4746DE420ECC Old RevisionGUID= New RevisionGUID=F279B31F-A106-44EB-9872-26B08621F71C
Change Managed Component Library Link : Designator=C27 Old VaultGUID= New VaultGUID=7C5C494C-8C0B-46E3-B7B5-096FDD15FE09 Old ItemGUID= New ItemGUID=B6AF792B-F65C-4587-A1E5-0B121197991C Old RevisionGUID= New RevisionGUID=8E89F869-66F3-400E-B696-956C0A0C916E
Change Managed Component Library Link : Designator=C28 Old VaultGUID= New VaultGUID=7C5C494C-8C0B-46E3-B7B5-096FDD15FE09 Old ItemGUID= New ItemGUID=1F97BD7F-3E39-4405-B224-20282F1B163A Old RevisionGUID= New RevisionGUID=F532FC76-D691-4DA3-A1E7-CE4FA146D1D7
Change Managed Component Library Link : Designator=C29 Old VaultGUID= New VaultGUID=7C5C494C-8C0B-46E3-B7B5-096FDD15FE09 Old ItemGUID= New ItemGUID=8F0C6BAA-8C4B-46AA-9800-6461512184A3 Old RevisionGUID= New RevisionGUID=9495FF50-5EB9-47F4-8828-39158B67C26E
Change Managed Component Library Link : Designator=C30 Old VaultGUID= New VaultGUID=7C5C494C-8C0B-46E3-B7B5-096FDD15FE09 Old ItemGUID= New ItemGUID=8F0C6BAA-8C4B-46AA-9800-6461512184A3 Old RevisionGUID= New RevisionGUID=9495FF50-5EB9-47F4-8828-39158B67C26E
Change Managed Component Library Link : Designator=C31 Old VaultGUID= New VaultGUID=7C5C494C-8C0B-46E3-B7B5-096FDD15FE09 Old ItemGUID= New ItemGUID=1F97BD7F-3E39-4405-B224-20282F1B163A Old RevisionGUID= New RevisionGUID=F532FC76-D691-4DA3-A1E7-CE4FA146D1D7
Change Managed Component Library Link : Designator=C32 Old VaultGUID= New VaultGUID=7C5C494C-8C0B-46E3-B7B5-096FDD15FE09 Old ItemGUID= New ItemGUID=1F97BD7F-3E39-4405-B224-20282F1B163A Old RevisionGUID= New RevisionGUID=F532FC76-D691-4DA3-A1E7-CE4FA146D1D7
Change Managed Component Library Link : Designator=C33 Old VaultGUID= New VaultGUID=7C5C494C-8C0B-46E3-B7B5-096FDD15FE09 Old ItemGUID= New ItemGUID=1F97BD7F-3E39-4405-B224-20282F1B163A Old RevisionGUID= New RevisionGUID=F532FC76-D691-4DA3-A1E7-CE4FA146D1D7
Change Managed Component Library Link : Designator=C34 Old VaultGUID= New VaultGUID=7C5C494C-8C0B-46E3-B7B5-096FDD15FE09 Old ItemGUID= New ItemGUID=8F0C6BAA-8C4B-46AA-9800-6461512184A3 Old RevisionGUID= New RevisionGUID=9495FF50-5EB9-47F4-8828-39158B67C26E
Change Managed Component Library Link : Designator=C35 Old VaultGUID= New VaultGUID=7C5C494C-8C0B-46E3-B7B5-096FDD15FE09 Old ItemGUID= New ItemGUID=1F97BD7F-3E39-4405-B224-20282F1B163A Old RevisionGUID= New RevisionGUID=F532FC76-D691-4DA3-A1E7-CE4FA146D1D7
Change Managed Component Library Link : Designator=C36 Old VaultGUID= New VaultGUID=7C5C494C-8C0B-46E3-B7B5-096FDD15FE09 Old ItemGUID= New ItemGUID=8F0C6BAA-8C4B-46AA-9800-6461512184A3 Old RevisionGUID= New RevisionGUID=9495FF50-5EB9-47F4-8828-39158B67C26E
Change Managed Component Library Link : Designator=C37 Old VaultGUID= New VaultGUID=7C5C494C-8C0B-46E3-B7B5-096FDD15FE09 Old ItemGUID= New ItemGUID=8F0C6BAA-8C4B-46AA-9800-6461512184A3 Old RevisionGUID= New RevisionGUID=9495FF50-5EB9-47F4-8828-39158B67C26E
Change Managed Component Library Link : Designator=C38 Old VaultGUID= New VaultGUID=7C5C494C-8C0B-46E3-B7B5-096FDD15FE09 Old ItemGUID= New ItemGUID=8F0C6BAA-8C4B-46AA-9800-6461512184A3 Old RevisionGUID= New RevisionGUID=9495FF50-5EB9-47F4-8828-39158B67C26E
Change Managed Component Library Link : Designator=C39 Old VaultGUID= New VaultGUID=7C5C494C-8C0B-46E3-B7B5-096FDD15FE09 Old ItemGUID= New ItemGUID=1F97BD7F-3E39-4405-B224-20282F1B163A Old RevisionGUID= New RevisionGUID=F532FC76-D691-4DA3-A1E7-CE4FA146D1D7
Change Managed Component Library Link : Designator=C40 Old VaultGUID= New VaultGUID=7C5C494C-8C0B-46E3-B7B5-096FDD15FE09 Old ItemGUID= New ItemGUID=1F97BD7F-3E39-4405-B224-20282F1B163A Old RevisionGUID= New RevisionGUID=F532FC76-D691-4DA3-A1E7-CE4FA146D1D7
Change Managed Component Library Link : Designator=C41 Old VaultGUID= New VaultGUID=7C5C494C-8C0B-46E3-B7B5-096FDD15FE09 Old ItemGUID= New ItemGUID=1F97BD7F-3E39-4405-B224-20282F1B163A Old RevisionGUID= New RevisionGUID=F532FC76-D691-4DA3-A1E7-CE4FA146D1D7
Change Managed Component Library Link : Designator=C42 Old VaultGUID= New VaultGUID=7C5C494C-8C0B-46E3-B7B5-096FDD15FE09 Old ItemGUID= New ItemGUID=8F0C6BAA-8C4B-46AA-9800-6461512184A3 Old RevisionGUID= New RevisionGUID=9495FF50-5EB9-47F4-8828-39158B67C26E
Change Managed Component Library Link : Designator=C43 Old VaultGUID= New VaultGUID=7C5C494C-8C0B-46E3-B7B5-096FDD15FE09 Old ItemGUID= New ItemGUID=1F97BD7F-3E39-4405-B224-20282F1B163A Old RevisionGUID= New RevisionGUID=F532FC76-D691-4DA3-A1E7-CE4FA146D1D7
Change Managed Component Library Link : Designator=C44 Old VaultGUID= New VaultGUID=7C5C494C-8C0B-46E3-B7B5-096FDD15FE09 Old ItemGUID= New ItemGUID=1F97BD7F-3E39-4405-B224-20282F1B163A Old RevisionGUID= New RevisionGUID=F532FC76-D691-4DA3-A1E7-CE4FA146D1D7
Change Managed Component Library Link : Designator=C45 Old VaultGUID= New VaultGUID=7C5C494C-8C0B-46E3-B7B5-096FDD15FE09 Old ItemGUID= New ItemGUID=8F0C6BAA-8C4B-46AA-9800-6461512184A3 Old RevisionGUID= New RevisionGUID=9495FF50-5EB9-47F4-8828-39158B67C26E
Change Managed Component Library Link : Designator=C46 Old VaultGUID= New VaultGUID=7C5C494C-8C0B-46E3-B7B5-096FDD15FE09 Old ItemGUID= New ItemGUID=1F97BD7F-3E39-4405-B224-20282F1B163A Old RevisionGUID= New RevisionGUID=F532FC76-D691-4DA3-A1E7-CE4FA146D1D7
Change Managed Component Library Link : Designator=C47 Old VaultGUID= New VaultGUID=7C5C494C-8C0B-46E3-B7B5-096FDD15FE09 Old ItemGUID= New ItemGUID=1F97BD7F-3E39-4405-B224-20282F1B163A Old RevisionGUID= New RevisionGUID=F532FC76-D691-4DA3-A1E7-CE4FA146D1D7
Change Managed Component Library Link : Designator=C48 Old VaultGUID= New VaultGUID=7C5C494C-8C0B-46E3-B7B5-096FDD15FE09 Old ItemGUID= New ItemGUID=1F97BD7F-3E39-4405-B224-20282F1B163A Old RevisionGUID= New RevisionGUID=F532FC76-D691-4DA3-A1E7-CE4FA146D1D7
Change Managed Component Library Link : Designator=C49 Old VaultGUID= New VaultGUID=7C5C494C-8C0B-46E3-B7B5-096FDD15FE09 Old ItemGUID= New ItemGUID=1F97BD7F-3E39-4405-B224-20282F1B163A Old RevisionGUID= New RevisionGUID=F532FC76-D691-4DA3-A1E7-CE4FA146D1D7
Change Managed Component Library Link : Designator=C50 Old VaultGUID= New VaultGUID=7C5C494C-8C0B-46E3-B7B5-096FDD15FE09 Old ItemGUID= New ItemGUID=1F97BD7F-3E39-4405-B224-20282F1B163A Old RevisionGUID= New RevisionGUID=F532FC76-D691-4DA3-A1E7-CE4FA146D1D7
Change Managed Component Library Link : Designator=C51 Old VaultGUID= New VaultGUID=7C5C494C-8C0B-46E3-B7B5-096FDD15FE09 Old ItemGUID= New ItemGUID=1F97BD7F-3E39-4405-B224-20282F1B163A Old RevisionGUID= New RevisionGUID=F532FC76-D691-4DA3-A1E7-CE4FA146D1D7
Change Managed Component Library Link : Designator=C52 Old VaultGUID= New VaultGUID=7C5C494C-8C0B-46E3-B7B5-096FDD15FE09 Old ItemGUID= New ItemGUID=1F97BD7F-3E39-4405-B224-20282F1B163A Old RevisionGUID= New RevisionGUID=F532FC76-D691-4DA3-A1E7-CE4FA146D1D7
Change Managed Component Library Link : Designator=C53 Old VaultGUID= New VaultGUID=7C5C494C-8C0B-46E3-B7B5-096FDD15FE09 Old ItemGUID= New ItemGUID=1F97BD7F-3E39-4405-B224-20282F1B163A Old RevisionGUID= New RevisionGUID=F532FC76-D691-4DA3-A1E7-CE4FA146D1D7
Change Managed Component Library Link : Designator=C54 Old VaultGUID= New VaultGUID=7C5C494C-8C0B-46E3-B7B5-096FDD15FE09 Old ItemGUID= New ItemGUID=1F97BD7F-3E39-4405-B224-20282F1B163A Old RevisionGUID= New RevisionGUID=F532FC76-D691-4DA3-A1E7-CE4FA146D1D7
Change Managed Component Library Link : Designator=C55 Old VaultGUID= New VaultGUID=7C5C494C-8C0B-46E3-B7B5-096FDD15FE09 Old ItemGUID= New ItemGUID=1F97BD7F-3E39-4405-B224-20282F1B163A Old RevisionGUID= New RevisionGUID=F532FC76-D691-4DA3-A1E7-CE4FA146D1D7
Change Managed Component Library Link : Designator=C56 Old VaultGUID= New VaultGUID=7C5C494C-8C0B-46E3-B7B5-096FDD15FE09 Old ItemGUID= New ItemGUID=1F97BD7F-3E39-4405-B224-20282F1B163A Old RevisionGUID= New RevisionGUID=F532FC76-D691-4DA3-A1E7-CE4FA146D1D7
Change Managed Component Library Link : Designator=C57 Old VaultGUID= New VaultGUID=7C5C494C-8C0B-46E3-B7B5-096FDD15FE09 Old ItemGUID= New ItemGUID=1F97BD7F-3E39-4405-B224-20282F1B163A Old RevisionGUID= New RevisionGUID=F532FC76-D691-4DA3-A1E7-CE4FA146D1D7
Change Managed Component Library Link : Designator=C58 Old VaultGUID= New VaultGUID=7C5C494C-8C0B-46E3-B7B5-096FDD15FE09 Old ItemGUID= New ItemGUID=365256C2-255C-4644-931D-DB0618A6BA3D Old RevisionGUID= New RevisionGUID=27B7A6A9-76AE-4E6B-AD6D-BB2D07B331CE
Change Managed Component Library Link : Designator=C59 Old VaultGUID= New VaultGUID=7C5C494C-8C0B-46E3-B7B5-096FDD15FE09 Old ItemGUID= New ItemGUID=365256C2-255C-4644-931D-DB0618A6BA3D Old RevisionGUID= New RevisionGUID=27B7A6A9-76AE-4E6B-AD6D-BB2D07B331CE
Change Managed Component Library Link : Designator=C60 Old VaultGUID= New VaultGUID=7C5C494C-8C0B-46E3-B7B5-096FDD15FE09 Old ItemGUID= New ItemGUID=365256C2-255C-4644-931D-DB0618A6BA3D Old RevisionGUID= New RevisionGUID=27B7A6A9-76AE-4E6B-AD6D-BB2D07B331CE
Change Managed Component Library Link : Designator=C61 Old VaultGUID= New VaultGUID=7C5C494C-8C0B-46E3-B7B5-096FDD15FE09 Old ItemGUID= New ItemGUID=88B1C8CA-164C-4057-A59E-DD3E798691EB Old RevisionGUID= New RevisionGUID=16E07F4B-5199-4389-B23F-27DC024EF53E
Change Managed Component Library Link : Designator=C62 Old VaultGUID= New VaultGUID=7C5C494C-8C0B-46E3-B7B5-096FDD15FE09 Old ItemGUID= New ItemGUID=365256C2-255C-4644-931D-DB0618A6BA3D Old RevisionGUID= New RevisionGUID=27B7A6A9-76AE-4E6B-AD6D-BB2D07B331CE
Change Managed Component Library Link : Designator=C63 Old VaultGUID= New VaultGUID=7C5C494C-8C0B-46E3-B7B5-096FDD15FE09 Old ItemGUID= New ItemGUID=942F466C-0D40-47B0-A977-2D694886DBB4 Old RevisionGUID= New RevisionGUID=0BC2B24E-D957-4AD9-B1A0-56103FE4428C
Change Managed Component Library Link : Designator=C64 Old VaultGUID= New VaultGUID=7C5C494C-8C0B-46E3-B7B5-096FDD15FE09 Old ItemGUID= New ItemGUID=942F466C-0D40-47B0-A977-2D694886DBB4 Old RevisionGUID= New RevisionGUID=0BC2B24E-D957-4AD9-B1A0-56103FE4428C
Change Managed Component Library Link : Designator=C65 Old VaultGUID= New VaultGUID=7C5C494C-8C0B-46E3-B7B5-096FDD15FE09 Old ItemGUID= New ItemGUID=365256C2-255C-4644-931D-DB0618A6BA3D Old RevisionGUID= New RevisionGUID=27B7A6A9-76AE-4E6B-AD6D-BB2D07B331CE
Change Managed Component Library Link : Designator=C66 Old VaultGUID= New VaultGUID=7C5C494C-8C0B-46E3-B7B5-096FDD15FE09 Old ItemGUID= New ItemGUID=365256C2-255C-4644-931D-DB0618A6BA3D Old RevisionGUID= New RevisionGUID=27B7A6A9-76AE-4E6B-AD6D-BB2D07B331CE
Change Managed Component Library Link : Designator=C67 Old VaultGUID= New VaultGUID=7C5C494C-8C0B-46E3-B7B5-096FDD15FE09 Old ItemGUID= New ItemGUID=88B1C8CA-164C-4057-A59E-DD3E798691EB Old RevisionGUID= New RevisionGUID=16E07F4B-5199-4389-B23F-27DC024EF53E
Change Managed Component Library Link : Designator=C68 Old VaultGUID= New VaultGUID=7C5C494C-8C0B-46E3-B7B5-096FDD15FE09 Old ItemGUID= New ItemGUID=365256C2-255C-4644-931D-DB0618A6BA3D Old RevisionGUID= New RevisionGUID=27B7A6A9-76AE-4E6B-AD6D-BB2D07B331CE
Change Managed Component Library Link : Designator=C69 Old VaultGUID= New VaultGUID=7C5C494C-8C0B-46E3-B7B5-096FDD15FE09 Old ItemGUID= New ItemGUID=88B1C8CA-164C-4057-A59E-DD3E798691EB Old RevisionGUID= New RevisionGUID=16E07F4B-5199-4389-B23F-27DC024EF53E
Change Managed Component Library Link : Designator=C70 Old VaultGUID= New VaultGUID=7C5C494C-8C0B-46E3-B7B5-096FDD15FE09 Old ItemGUID= New ItemGUID=EB1CEDC7-79E2-42F8-8387-EA7AE248375D Old RevisionGUID= New RevisionGUID=611F8C63-FA13-44A5-92E1-94D1B7F7E769
Change Managed Component Library Link : Designator=C71 Old VaultGUID= New VaultGUID=7C5C494C-8C0B-46E3-B7B5-096FDD15FE09 Old ItemGUID= New ItemGUID=3E557ED3-80FD-4B22-838C-797E15750DC9 Old RevisionGUID= New RevisionGUID=F83007E9-3CF4-459C-85B7-FC5C8EAB1870
Change Managed Component Library Link : Designator=D1 Old VaultGUID= New VaultGUID=7C5C494C-8C0B-46E3-B7B5-096FDD15FE09 Old ItemGUID= New ItemGUID=CA6ACB96-CA81-4E9E-8B85-630C7FB0F81F Old RevisionGUID= New RevisionGUID=39D067F9-8543-47AA-A9FD-FA928739C8FC
Change Managed Component Library Link : Designator=D2 Old VaultGUID= New VaultGUID=7C5C494C-8C0B-46E3-B7B5-096FDD15FE09 Old ItemGUID= New ItemGUID=CA6ACB96-CA81-4E9E-8B85-630C7FB0F81F Old RevisionGUID= New RevisionGUID=39D067F9-8543-47AA-A9FD-FA928739C8FC
Change Managed Component Library Link : Designator=D3 Old VaultGUID= New VaultGUID=7C5C494C-8C0B-46E3-B7B5-096FDD15FE09 Old ItemGUID= New ItemGUID=3CF47DFA-368B-4C9A-8ACF-357C80481AC2 Old RevisionGUID= New RevisionGUID=685E206D-D440-470F-B9CB-6147B7687484
Change Managed Component Library Link : Designator=D4 Old VaultGUID= New VaultGUID=7C5C494C-8C0B-46E3-B7B5-096FDD15FE09 Old ItemGUID= New ItemGUID=9896DB57-5C1E-4103-AA22-B8A294F100D9 Old RevisionGUID= New RevisionGUID=4A1DFFF7-BD02-40B2-BC70-D4CBA3FFD136
Change Managed Component Library Link : Designator=D5 Old VaultGUID= New VaultGUID=7C5C494C-8C0B-46E3-B7B5-096FDD15FE09 Old ItemGUID= New ItemGUID=9896DB57-5C1E-4103-AA22-B8A294F100D9 Old RevisionGUID= New RevisionGUID=4A1DFFF7-BD02-40B2-BC70-D4CBA3FFD136
Change Managed Component Library Link : Designator=D6 Old VaultGUID= New VaultGUID=7C5C494C-8C0B-46E3-B7B5-096FDD15FE09 Old ItemGUID= New ItemGUID=9896DB57-5C1E-4103-AA22-B8A294F100D9 Old RevisionGUID= New RevisionGUID=4A1DFFF7-BD02-40B2-BC70-D4CBA3FFD136
Change Managed Component Library Link : Designator=D7 Old VaultGUID= New VaultGUID=7C5C494C-8C0B-46E3-B7B5-096FDD15FE09 Old ItemGUID= New ItemGUID=E6CB2572-12A6-412F-A1B5-621B26677C19 Old RevisionGUID= New RevisionGUID=07FA5CB8-9D3A-4307-9E7A-82F29EBC25D2
Change Managed Component Library Link : Designator=D8 Old VaultGUID= New VaultGUID=7C5C494C-8C0B-46E3-B7B5-096FDD15FE09 Old ItemGUID= New ItemGUID=5BAAB317-B387-408D-95FF-B884746F47E3 Old RevisionGUID= New RevisionGUID=A247AD6F-35BA-4D68-8E2C-63732D29A5AF
Change Managed Component Library Link : Designator=D9 Old VaultGUID= New VaultGUID=7C5C494C-8C0B-46E3-B7B5-096FDD15FE09 Old ItemGUID= New ItemGUID=CA6ACB96-CA81-4E9E-8B85-630C7FB0F81F Old RevisionGUID= New RevisionGUID=39D067F9-8543-47AA-A9FD-FA928739C8FC
Change Managed Component Library Link : Designator=D10 Old VaultGUID= New VaultGUID=7C5C494C-8C0B-46E3-B7B5-096FDD15FE09 Old ItemGUID= New ItemGUID=CA6ACB96-CA81-4E9E-8B85-630C7FB0F81F Old RevisionGUID= New RevisionGUID=39D067F9-8543-47AA-A9FD-FA928739C8FC
Change Managed Component Library Link : Designator=D11 Old VaultGUID= New VaultGUID=7C5C494C-8C0B-46E3-B7B5-096FDD15FE09 Old ItemGUID= New ItemGUID=CA6ACB96-CA81-4E9E-8B85-630C7FB0F81F Old RevisionGUID= New RevisionGUID=39D067F9-8543-47AA-A9FD-FA928739C8FC
Change Managed Component Library Link : Designator=D12 Old VaultGUID= New VaultGUID=7C5C494C-8C0B-46E3-B7B5-096FDD15FE09 Old ItemGUID= New ItemGUID=CA6ACB96-CA81-4E9E-8B85-630C7FB0F81F Old RevisionGUID= New RevisionGUID=39D067F9-8543-47AA-A9FD-FA928739C8FC
Change Managed Component Library Link : Designator=D13 Old VaultGUID= New VaultGUID=7C5C494C-8C0B-46E3-B7B5-096FDD15FE09 Old ItemGUID= New ItemGUID=0BE550F2-7324-4AA2-933A-41379E12FAF3 Old RevisionGUID= New RevisionGUID=7F2DFBB0-79DD-4910-909D-A61A4DBB2130
Change Managed Component Library Link : Designator=D14 Old VaultGUID= New VaultGUID=7C5C494C-8C0B-46E3-B7B5-096FDD15FE09 Old ItemGUID= New ItemGUID=F66A5364-261E-475B-9851-D607FE9C3624 Old RevisionGUID= New RevisionGUID=8876913A-978F-43EB-8C22-5C5F60A6C3B0
Change Managed Component Library Link : Designator=D15 Old VaultGUID= New VaultGUID=7C5C494C-8C0B-46E3-B7B5-096FDD15FE09 Old ItemGUID= New ItemGUID=F66A5364-261E-475B-9851-D607FE9C3624 Old RevisionGUID= New RevisionGUID=8876913A-978F-43EB-8C22-5C5F60A6C3B0
Change Managed Component Library Link : Designator=D16 Old VaultGUID= New VaultGUID=7C5C494C-8C0B-46E3-B7B5-096FDD15FE09 Old ItemGUID= New ItemGUID=F66A5364-261E-475B-9851-D607FE9C3624 Old RevisionGUID= New RevisionGUID=8876913A-978F-43EB-8C22-5C5F60A6C3B0
Change Managed Component Library Link : Designator=E1 Old VaultGUID= New VaultGUID=7C5C494C-8C0B-46E3-B7B5-096FDD15FE09 Old ItemGUID= New ItemGUID=135553B4-B09A-420C-B565-00169BAE8D72 Old RevisionGUID= New RevisionGUID=8E01756D-8D8F-4991-9705-A0A911A1D765
Change Managed Component Library Link : Designator=E2 Old VaultGUID= New VaultGUID=7C5C494C-8C0B-46E3-B7B5-096FDD15FE09 Old ItemGUID= New ItemGUID=135553B4-B09A-420C-B565-00169BAE8D72 Old RevisionGUID= New RevisionGUID=8E01756D-8D8F-4991-9705-A0A911A1D765
Change Managed Component Library Link : Designator=E3 Old VaultGUID= New VaultGUID=7C5C494C-8C0B-46E3-B7B5-096FDD15FE09 Old ItemGUID= New ItemGUID=135553B4-B09A-420C-B565-00169BAE8D72 Old RevisionGUID= New RevisionGUID=8E01756D-8D8F-4991-9705-A0A911A1D765
Change Managed Component Library Link : Designator=E4 Old VaultGUID= New VaultGUID=7C5C494C-8C0B-46E3-B7B5-096FDD15FE09 Old ItemGUID= New ItemGUID=135553B4-B09A-420C-B565-00169BAE8D72 Old RevisionGUID= New RevisionGUID=8E01756D-8D8F-4991-9705-A0A911A1D765
Change Managed Component Library Link : Designator=E5 Old VaultGUID= New VaultGUID=7C5C494C-8C0B-46E3-B7B5-096FDD15FE09 Old ItemGUID= New ItemGUID=135553B4-B09A-420C-B565-00169BAE8D72 Old RevisionGUID= New RevisionGUID=8E01756D-8D8F-4991-9705-A0A911A1D765
Change Managed Component Library Link : Designator=E6 Old VaultGUID= New VaultGUID=7C5C494C-8C0B-46E3-B7B5-096FDD15FE09 Old ItemGUID= New ItemGUID=135553B4-B09A-420C-B565-00169BAE8D72 Old RevisionGUID= New RevisionGUID=8E01756D-8D8F-4991-9705-A0A911A1D765
Change Managed Component Library Link : Designator=F1 Old VaultGUID= New VaultGUID=7C5C494C-8C0B-46E3-B7B5-096FDD15FE09 Old ItemGUID= New ItemGUID=1CD9FCD2-CCB9-4759-9C12-CD87A4C000BA Old RevisionGUID= New RevisionGUID=C3DA50DB-B8CF-40F1-A198-9C19B87EEE69
Change Managed Component Library Link : Designator=FID1 Old VaultGUID= New VaultGUID=7C5C494C-8C0B-46E3-B7B5-096FDD15FE09 Old ItemGUID= New ItemGUID=ED1D2900-3C5B-484A-ACF0-B1D11BCEB152 Old RevisionGUID= New RevisionGUID=FCC84D70-1023-4D40-A1B6-6D22FEB46B75
Change Managed Component Library Link : Designator=FID2 Old VaultGUID= New VaultGUID=7C5C494C-8C0B-46E3-B7B5-096FDD15FE09 Old ItemGUID= New ItemGUID=ED1D2900-3C5B-484A-ACF0-B1D11BCEB152 Old RevisionGUID= New RevisionGUID=FCC84D70-1023-4D40-A1B6-6D22FEB46B75
Change Managed Component Library Link : Designator=FID3 Old VaultGUID= New VaultGUID=7C5C494C-8C0B-46E3-B7B5-096FDD15FE09 Old ItemGUID= New ItemGUID=ED1D2900-3C5B-484A-ACF0-B1D11BCEB152 Old RevisionGUID= New RevisionGUID=FCC84D70-1023-4D40-A1B6-6D22FEB46B75
Change Managed Component Library Link : Designator=FID4 Old VaultGUID= New VaultGUID=7C5C494C-8C0B-46E3-B7B5-096FDD15FE09 Old ItemGUID= New ItemGUID=ED1D2900-3C5B-484A-ACF0-B1D11BCEB152 Old RevisionGUID= New RevisionGUID=FCC84D70-1023-4D40-A1B6-6D22FEB46B75
Change Managed Component Library Link : Designator=FID5 Old VaultGUID= New VaultGUID=7C5C494C-8C0B-46E3-B7B5-096FDD15FE09 Old ItemGUID= New ItemGUID=ED1D2900-3C5B-484A-ACF0-B1D11BCEB152 Old RevisionGUID= New RevisionGUID=FCC84D70-1023-4D40-A1B6-6D22FEB46B75
Change Managed Component Library Link : Designator=FID6 Old VaultGUID= New VaultGUID=7C5C494C-8C0B-46E3-B7B5-096FDD15FE09 Old ItemGUID= New ItemGUID=ED1D2900-3C5B-484A-ACF0-B1D11BCEB152 Old RevisionGUID= New RevisionGUID=FCC84D70-1023-4D40-A1B6-6D22FEB46B75
Change Managed Component Library Link : Designator=H1 Old VaultGUID= New VaultGUID=7C5C494C-8C0B-46E3-B7B5-096FDD15FE09 Old ItemGUID= New ItemGUID=7914A828-DE54-41E8-81DA-D158B24B3885 Old RevisionGUID= New RevisionGUID=B7DE2A6D-E4EC-4113-8AAE-BC8EC708BC28
Change Managed Component Library Link : Designator=H2 Old VaultGUID= New VaultGUID=7C5C494C-8C0B-46E3-B7B5-096FDD15FE09 Old ItemGUID= New ItemGUID=7914A828-DE54-41E8-81DA-D158B24B3885 Old RevisionGUID= New RevisionGUID=B7DE2A6D-E4EC-4113-8AAE-BC8EC708BC28
Change Managed Component Library Link : Designator=H3 Old VaultGUID= New VaultGUID=7C5C494C-8C0B-46E3-B7B5-096FDD15FE09 Old ItemGUID= New ItemGUID=7914A828-DE54-41E8-81DA-D158B24B3885 Old RevisionGUID= New RevisionGUID=B7DE2A6D-E4EC-4113-8AAE-BC8EC708BC28
Change Managed Component Library Link : Designator=H4 Old VaultGUID= New VaultGUID=7C5C494C-8C0B-46E3-B7B5-096FDD15FE09 Old ItemGUID= New ItemGUID=7914A828-DE54-41E8-81DA-D158B24B3885 Old RevisionGUID= New RevisionGUID=B7DE2A6D-E4EC-4113-8AAE-BC8EC708BC28
Change Managed Component Library Link : Designator=J1 Old VaultGUID= New VaultGUID=7C5C494C-8C0B-46E3-B7B5-096FDD15FE09 Old ItemGUID= New ItemGUID=B506FF59-AE9F-4D03-AC92-B9A01C4E79C5 Old RevisionGUID= New RevisionGUID=0A12C6A1-5307-4403-9C4F-1EB15947BCE7
Change Managed Component Library Link : Designator=J2 Old VaultGUID= New VaultGUID=7C5C494C-8C0B-46E3-B7B5-096FDD15FE09 Old ItemGUID= New ItemGUID=291F158D-BBAC-49C2-B476-663D327305CB Old RevisionGUID= New RevisionGUID=7BDFC54E-44AA-4DC3-A6DB-497FAF4EDCF9
Change Managed Component Library Link : Designator=J3 Old VaultGUID= New VaultGUID=7C5C494C-8C0B-46E3-B7B5-096FDD15FE09 Old ItemGUID= New ItemGUID=5AE751B8-8091-4372-9B8F-2A0FDCADFF5A Old RevisionGUID= New RevisionGUID=43FFF348-F118-4B28-9B6B-728A7565D2D4
Change Managed Component Library Link : Designator=J4 Old VaultGUID= New VaultGUID=7C5C494C-8C0B-46E3-B7B5-096FDD15FE09 Old ItemGUID= New ItemGUID=B506FF59-AE9F-4D03-AC92-B9A01C4E79C5 Old RevisionGUID= New RevisionGUID=0A12C6A1-5307-4403-9C4F-1EB15947BCE7
Change Managed Component Library Link : Designator=J5 Old VaultGUID= New VaultGUID=7C5C494C-8C0B-46E3-B7B5-096FDD15FE09 Old ItemGUID= New ItemGUID=E05D69DA-1B0D-4137-826B-26DB5F6D3795 Old RevisionGUID= New RevisionGUID=3CD02315-AE7E-4CEE-BD03-DE2F66212854
Change Managed Component Library Link : Designator=J6 Old VaultGUID= New VaultGUID=7C5C494C-8C0B-46E3-B7B5-096FDD15FE09 Old ItemGUID= New ItemGUID=358F5569-A6FE-4CBD-999F-106D7337E79F Old RevisionGUID= New RevisionGUID=EC33CD34-BBA1-4E0F-96C4-1DDC5C4CD594
Change Managed Component Library Link : Designator=J7 Old VaultGUID= New VaultGUID=7C5C494C-8C0B-46E3-B7B5-096FDD15FE09 Old ItemGUID= New ItemGUID=358F5569-A6FE-4CBD-999F-106D7337E79F Old RevisionGUID= New RevisionGUID=EC33CD34-BBA1-4E0F-96C4-1DDC5C4CD594
Change Managed Component Library Link : Designator=J8 Old VaultGUID= New VaultGUID=7C5C494C-8C0B-46E3-B7B5-096FDD15FE09 Old ItemGUID= New ItemGUID=30BE5BB8-774E-4AF7-871E-C44AD0FEEDF8 Old RevisionGUID= New RevisionGUID=B764B823-0404-445E-BE99-1FC6641F5722
Change Managed Component Library Link : Designator=J9 Old VaultGUID= New VaultGUID=7C5C494C-8C0B-46E3-B7B5-096FDD15FE09 Old ItemGUID= New ItemGUID=D85A6D51-41CE-4D23-8C24-1339CE02D552 Old RevisionGUID= New RevisionGUID=121DE45E-2FAB-4CC7-A3C4-1D4FE253290D
Change Managed Component Library Link : Designator=J10 Old VaultGUID= New VaultGUID=7C5C494C-8C0B-46E3-B7B5-096FDD15FE09 Old ItemGUID= New ItemGUID=7A8AB595-7752-44FA-89C1-F01F081A9C20 Old RevisionGUID= New RevisionGUID=A87BBBAF-0FA2-46A9-B520-EBFACF1CB584
Change Managed Component Library Link : Designator=J11 Old VaultGUID= New VaultGUID=7C5C494C-8C0B-46E3-B7B5-096FDD15FE09 Old ItemGUID= New ItemGUID=358F5569-A6FE-4CBD-999F-106D7337E79F Old RevisionGUID= New RevisionGUID=EC33CD34-BBA1-4E0F-96C4-1DDC5C4CD594
Change Managed Component Library Link : Designator=J12 Old VaultGUID= New VaultGUID=7C5C494C-8C0B-46E3-B7B5-096FDD15FE09 Old ItemGUID= New ItemGUID=7A8AB595-7752-44FA-89C1-F01F081A9C20 Old RevisionGUID= New RevisionGUID=A87BBBAF-0FA2-46A9-B520-EBFACF1CB584
Change Managed Component Library Link : Designator=J13 Old VaultGUID= New VaultGUID=7C5C494C-8C0B-46E3-B7B5-096FDD15FE09 Old ItemGUID= New ItemGUID=358F5569-A6FE-4CBD-999F-106D7337E79F Old RevisionGUID= New RevisionGUID=EC33CD34-BBA1-4E0F-96C4-1DDC5C4CD594
Change Managed Component Library Link : Designator=J14 Old VaultGUID= New VaultGUID=7C5C494C-8C0B-46E3-B7B5-096FDD15FE09 Old ItemGUID= New ItemGUID=C263C05A-0108-418F-910E-A950D98778E2 Old RevisionGUID= New RevisionGUID=56389301-56E5-4287-953A-441DADE41FA2
Change Managed Component Library Link : Designator=J15 Old VaultGUID= New VaultGUID=7C5C494C-8C0B-46E3-B7B5-096FDD15FE09 Old ItemGUID= New ItemGUID=7A8AB595-7752-44FA-89C1-F01F081A9C20 Old RevisionGUID= New RevisionGUID=A87BBBAF-0FA2-46A9-B520-EBFACF1CB584
Change Managed Component Library Link : Designator=J16 Old VaultGUID= New VaultGUID=7C5C494C-8C0B-46E3-B7B5-096FDD15FE09 Old ItemGUID= New ItemGUID=358F5569-A6FE-4CBD-999F-106D7337E79F Old RevisionGUID= New RevisionGUID=EC33CD34-BBA1-4E0F-96C4-1DDC5C4CD594
Change Managed Component Library Link : Designator=J17 Old VaultGUID= New VaultGUID=7C5C494C-8C0B-46E3-B7B5-096FDD15FE09 Old ItemGUID= New ItemGUID=8E83FBA8-C67B-4E99-99BB-C7AD40E278DD Old RevisionGUID= New RevisionGUID=4CEBA93B-1A7A-4388-96EA-54FB968A4828
Change Managed Component Library Link : Designator=J18 Old VaultGUID= New VaultGUID=7C5C494C-8C0B-46E3-B7B5-096FDD15FE09 Old ItemGUID= New ItemGUID=7A8AB595-7752-44FA-89C1-F01F081A9C20 Old RevisionGUID= New RevisionGUID=A87BBBAF-0FA2-46A9-B520-EBFACF1CB584
Change Managed Component Library Link : Designator=J19 Old VaultGUID= New VaultGUID=7C5C494C-8C0B-46E3-B7B5-096FDD15FE09 Old ItemGUID= New ItemGUID=358F5569-A6FE-4CBD-999F-106D7337E79F Old RevisionGUID= New RevisionGUID=EC33CD34-BBA1-4E0F-96C4-1DDC5C4CD594
Change Managed Component Library Link : Designator=J20 Old VaultGUID= New VaultGUID=7C5C494C-8C0B-46E3-B7B5-096FDD15FE09 Old ItemGUID= New ItemGUID=7A8AB595-7752-44FA-89C1-F01F081A9C20 Old RevisionGUID= New RevisionGUID=A87BBBAF-0FA2-46A9-B520-EBFACF1CB584
Change Managed Component Library Link : Designator=J21 Old VaultGUID= New VaultGUID=7C5C494C-8C0B-46E3-B7B5-096FDD15FE09 Old ItemGUID= New ItemGUID=7A8AB595-7752-44FA-89C1-F01F081A9C20 Old RevisionGUID= New RevisionGUID=A87BBBAF-0FA2-46A9-B520-EBFACF1CB584
Change Managed Component Library Link : Designator=J22 Old VaultGUID= New VaultGUID=7C5C494C-8C0B-46E3-B7B5-096FDD15FE09 Old ItemGUID= New ItemGUID=291F158D-BBAC-49C2-B476-663D327305CB Old RevisionGUID= New RevisionGUID=7BDFC54E-44AA-4DC3-A6DB-497FAF4EDCF9
Change Managed Component Library Link : Designator=J23 Old VaultGUID= New VaultGUID=7C5C494C-8C0B-46E3-B7B5-096FDD15FE09 Old ItemGUID= New ItemGUID=136D35D4-947F-49C0-A6AB-6EE6BD481548 Old RevisionGUID= New RevisionGUID=BBDB171E-F6EA-4A21-A243-74A54DF91699
Change Managed Component Library Link : Designator=J24 Old VaultGUID= New VaultGUID=7C5C494C-8C0B-46E3-B7B5-096FDD15FE09 Old ItemGUID= New ItemGUID=36686FDC-6217-472F-BABC-3F99C801B63F Old RevisionGUID= New RevisionGUID=DCE92A95-9FEF-4287-9D37-B305BA3CA164
Change Managed Component Library Link : Designator=J25 Old VaultGUID= New VaultGUID=7C5C494C-8C0B-46E3-B7B5-096FDD15FE09 Old ItemGUID= New ItemGUID=B02957FA-4B6F-41AE-8D17-79A38AE4AC89 Old RevisionGUID= New RevisionGUID=426117E5-5C13-4F1A-A419-A77AA315D86C
Change Managed Component Library Link : Designator=J26 Old VaultGUID= New VaultGUID=7C5C494C-8C0B-46E3-B7B5-096FDD15FE09 Old ItemGUID= New ItemGUID=77ABB230-F85B-4400-99F4-1E2503C65A42 Old RevisionGUID= New RevisionGUID=90D7458D-53C4-4EA8-90DF-BC5244AA6835
Change Managed Component Library Link : Designator=J27 Old VaultGUID= New VaultGUID=7C5C494C-8C0B-46E3-B7B5-096FDD15FE09 Old ItemGUID= New ItemGUID=BAA23AA7-CE00-49E3-A69B-EEFF8C28CB96 Old RevisionGUID= New RevisionGUID=A328E28A-673F-4995-943D-D8ACA94E95C5
Change Managed Component Library Link : Designator=J28 Old VaultGUID= New VaultGUID=7C5C494C-8C0B-46E3-B7B5-096FDD15FE09 Old ItemGUID= New ItemGUID=291F158D-BBAC-49C2-B476-663D327305CB Old RevisionGUID= New RevisionGUID=7BDFC54E-44AA-4DC3-A6DB-497FAF4EDCF9
Change Managed Component Library Link : Designator=J29 Old VaultGUID= New VaultGUID=7C5C494C-8C0B-46E3-B7B5-096FDD15FE09 Old ItemGUID= New ItemGUID=40F27351-1473-4A1B-AA36-A096B66847AD Old RevisionGUID= New RevisionGUID=727D6F43-E920-46B3-8986-5D1C42683293
Change Managed Component Library Link : Designator=LOGO4 Old VaultGUID= New VaultGUID=7C5C494C-8C0B-46E3-B7B5-096FDD15FE09 Old ItemGUID= New ItemGUID=E4D46987-5FA5-478B-9B4B-3798B4E30B0D Old RevisionGUID= New RevisionGUID=4D802F6F-9947-4E6E-BCEA-291A77FDC54B
Change Managed Component Library Link : Designator=LOGO5 Old VaultGUID= New VaultGUID=7C5C494C-8C0B-46E3-B7B5-096FDD15FE09 Old ItemGUID= New ItemGUID=E4D46987-5FA5-478B-9B4B-3798B4E30B0D Old RevisionGUID= New RevisionGUID=4D802F6F-9947-4E6E-BCEA-291A77FDC54B
Change Managed Component Library Link : Designator=Logo8 Old VaultGUID= New VaultGUID=7C5C494C-8C0B-46E3-B7B5-096FDD15FE09 Old ItemGUID= New ItemGUID=66953792-4516-4D4E-B641-1C306D580AB0 Old RevisionGUID= New RevisionGUID=6CAEDCB0-1EDE-40FB-9716-D0EB34F8E423
Change Managed Component Library Link : Designator=Logo9 Old VaultGUID= New VaultGUID=7C5C494C-8C0B-46E3-B7B5-096FDD15FE09 Old ItemGUID= New ItemGUID=C48A6AF2-E5E8-452D-99F2-CA93647F01A4 Old RevisionGUID= New RevisionGUID=4AA6A2F0-D599-4210-8454-8944A0CA2397
Change Managed Component Library Link : Designator=Logo10 Old VaultGUID= New VaultGUID=7C5C494C-8C0B-46E3-B7B5-096FDD15FE09 Old ItemGUID= New ItemGUID=3F7288F0-F931-49FA-8AD5-A7A96AC19EDF Old RevisionGUID= New RevisionGUID=BDAD99CE-1B20-4696-8EC2-8CB080FD2EB7
Change Managed Component Library Link : Designator=NT1 Old VaultGUID= New VaultGUID=7C5C494C-8C0B-46E3-B7B5-096FDD15FE09 Old ItemGUID= New ItemGUID=BCB4C7E9-4AFF-48D6-BB5A-46F23D4F9D5A Old RevisionGUID= New RevisionGUID=f72569ad-70b9-4b26-98ad-f757047a801c
Change Managed Component Library Link : Designator=NT2 Old VaultGUID= New VaultGUID=7C5C494C-8C0B-46E3-B7B5-096FDD15FE09 Old ItemGUID= New ItemGUID=BCB4C7E9-4AFF-48D6-BB5A-46F23D4F9D5A Old RevisionGUID= New RevisionGUID=f72569ad-70b9-4b26-98ad-f757047a801c
Change Managed Component Library Link : Designator=NT3 Old VaultGUID= New VaultGUID=7C5C494C-8C0B-46E3-B7B5-096FDD15FE09 Old ItemGUID= New ItemGUID=BCB4C7E9-4AFF-48D6-BB5A-46F23D4F9D5A Old RevisionGUID= New RevisionGUID=f72569ad-70b9-4b26-98ad-f757047a801c
Change Managed Component Library Link : Designator=NT4 Old VaultGUID= New VaultGUID=7C5C494C-8C0B-46E3-B7B5-096FDD15FE09 Old ItemGUID= New ItemGUID=BCB4C7E9-4AFF-48D6-BB5A-46F23D4F9D5A Old RevisionGUID= New RevisionGUID=f72569ad-70b9-4b26-98ad-f757047a801c
Change Managed Component Library Link : Designator=NT5 Old VaultGUID= New VaultGUID=7C5C494C-8C0B-46E3-B7B5-096FDD15FE09 Old ItemGUID= New ItemGUID=BCB4C7E9-4AFF-48D6-BB5A-46F23D4F9D5A Old RevisionGUID= New RevisionGUID=f72569ad-70b9-4b26-98ad-f757047a801c
Change Managed Component Library Link : Designator=Q1 Old VaultGUID= New VaultGUID=7C5C494C-8C0B-46E3-B7B5-096FDD15FE09 Old ItemGUID= New ItemGUID=F9DCD78B-1CE9-4071-A260-B8864AE6DDEC Old RevisionGUID= New RevisionGUID=E7937A72-1205-4318-9152-75FEC4B6FABD
Change Managed Component Library Link : Designator=Q2 Old VaultGUID= New VaultGUID=7C5C494C-8C0B-46E3-B7B5-096FDD15FE09 Old ItemGUID= New ItemGUID=A833DC88-EDFA-4571-866B-EF434FB54AE2 Old RevisionGUID= New RevisionGUID=9A4A9139-1F13-41F7-9E1B-DC33C3C56B6E
Change Managed Component Library Link : Designator=Q3 Old VaultGUID= New VaultGUID=7C5C494C-8C0B-46E3-B7B5-096FDD15FE09 Old ItemGUID= New ItemGUID=2BF85217-C096-43A0-9FB3-4C3D533DC626 Old RevisionGUID= New RevisionGUID=A6398D03-578B-4AFB-B9B7-144AD24B8CE7
Change Managed Component Library Link : Designator=Q4 Old VaultGUID= New VaultGUID=7C5C494C-8C0B-46E3-B7B5-096FDD15FE09 Old ItemGUID= New ItemGUID=84676D07-1EA0-4FF3-8C75-0AD05C940261 Old RevisionGUID= New RevisionGUID=DD2A6579-4DB7-477B-ADED-19F0A519A1B0
Change Managed Component Library Link : Designator=Q5 Old VaultGUID= New VaultGUID=7C5C494C-8C0B-46E3-B7B5-096FDD15FE09 Old ItemGUID= New ItemGUID=A833DC88-EDFA-4571-866B-EF434FB54AE2 Old RevisionGUID= New RevisionGUID=9A4A9139-1F13-41F7-9E1B-DC33C3C56B6E
Change Managed Component Library Link : Designator=Q6 Old VaultGUID= New VaultGUID=7C5C494C-8C0B-46E3-B7B5-096FDD15FE09 Old ItemGUID= New ItemGUID=A833DC88-EDFA-4571-866B-EF434FB54AE2 Old RevisionGUID= New RevisionGUID=9A4A9139-1F13-41F7-9E1B-DC33C3C56B6E
Change Managed Component Library Link : Designator=Q7 Old VaultGUID= New VaultGUID=7C5C494C-8C0B-46E3-B7B5-096FDD15FE09 Old ItemGUID= New ItemGUID=38044C0C-FA72-4B72-937C-59910CC4FC27 Old RevisionGUID= New RevisionGUID=474CECA4-E44A-4770-87D6-8611BFA77535
Change Managed Component Library Link : Designator=Q8 Old VaultGUID= New VaultGUID=7C5C494C-8C0B-46E3-B7B5-096FDD15FE09 Old ItemGUID= New ItemGUID=38044C0C-FA72-4B72-937C-59910CC4FC27 Old RevisionGUID= New RevisionGUID=474CECA4-E44A-4770-87D6-8611BFA77535
Change Managed Component Library Link : Designator=Q9 Old VaultGUID= New VaultGUID=7C5C494C-8C0B-46E3-B7B5-096FDD15FE09 Old ItemGUID= New ItemGUID=38044C0C-FA72-4B72-937C-59910CC4FC27 Old RevisionGUID= New RevisionGUID=474CECA4-E44A-4770-87D6-8611BFA77535
Change Managed Component Library Link : Designator=Q10 Old VaultGUID= New VaultGUID=7C5C494C-8C0B-46E3-B7B5-096FDD15FE09 Old ItemGUID= New ItemGUID=2EFD030A-6C0C-49B6-ACBB-E80CD3B18022 Old RevisionGUID= New RevisionGUID=6480CA16-75F0-4F29-A798-AE4F05B50917
Change Managed Component Library Link : Designator=Q11 Old VaultGUID= New VaultGUID=7C5C494C-8C0B-46E3-B7B5-096FDD15FE09 Old ItemGUID= New ItemGUID=84676D07-1EA0-4FF3-8C75-0AD05C940261 Old RevisionGUID= New RevisionGUID=DD2A6579-4DB7-477B-ADED-19F0A519A1B0
Change Managed Component Library Link : Designator=Q12 Old VaultGUID= New VaultGUID=7C5C494C-8C0B-46E3-B7B5-096FDD15FE09 Old ItemGUID= New ItemGUID=7100BA27-342E-4BC7-942F-A1B9764407FC Old RevisionGUID= New RevisionGUID=B00F4623-91D1-4429-BB8A-22F9FF11AA7C
Change Managed Component Library Link : Designator=Q13 Old VaultGUID= New VaultGUID=7C5C494C-8C0B-46E3-B7B5-096FDD15FE09 Old ItemGUID= New ItemGUID=84676D07-1EA0-4FF3-8C75-0AD05C940261 Old RevisionGUID= New RevisionGUID=DD2A6579-4DB7-477B-ADED-19F0A519A1B0
Change Managed Component Library Link : Designator=R1 Old VaultGUID= New VaultGUID=7C5C494C-8C0B-46E3-B7B5-096FDD15FE09 Old ItemGUID= New ItemGUID=3A7BB3F0-E50A-48D1-91DA-4030A806A14A Old RevisionGUID= New RevisionGUID=0C079590-29C9-4D82-A3AE-CB827A5BC5A0
Change Managed Component Library Link : Designator=R2 Old VaultGUID= New VaultGUID=7C5C494C-8C0B-46E3-B7B5-096FDD15FE09 Old ItemGUID= New ItemGUID=F538B214-87C5-4722-9F5C-43FCEFE5AA46 Old RevisionGUID= New RevisionGUID=396F2A29-EDC7-479F-B228-AF765E4B0236
Change Managed Component Library Link : Designator=R3 Old VaultGUID= New VaultGUID=7C5C494C-8C0B-46E3-B7B5-096FDD15FE09 Old ItemGUID= New ItemGUID=F538B214-87C5-4722-9F5C-43FCEFE5AA46 Old RevisionGUID= New RevisionGUID=396F2A29-EDC7-479F-B228-AF765E4B0236
Change Managed Component Library Link : Designator=R4 Old VaultGUID= New VaultGUID=7C5C494C-8C0B-46E3-B7B5-096FDD15FE09 Old ItemGUID= New ItemGUID=F538B214-87C5-4722-9F5C-43FCEFE5AA46 Old RevisionGUID= New RevisionGUID=396F2A29-EDC7-479F-B228-AF765E4B0236
Change Managed Component Library Link : Designator=R5 Old VaultGUID= New VaultGUID=7C5C494C-8C0B-46E3-B7B5-096FDD15FE09 Old ItemGUID= New ItemGUID=A4CDAEA0-282C-4976-832C-941371EA0A17 Old RevisionGUID= New RevisionGUID=81DA2265-7132-46A6-97C2-A033B23A159A
Change Managed Component Library Link : Designator=R6 Old VaultGUID= New VaultGUID=7C5C494C-8C0B-46E3-B7B5-096FDD15FE09 Old ItemGUID= New ItemGUID=A4CDAEA0-282C-4976-832C-941371EA0A17 Old RevisionGUID= New RevisionGUID=81DA2265-7132-46A6-97C2-A033B23A159A
Change Managed Component Library Link : Designator=R7 Old VaultGUID= New VaultGUID=7C5C494C-8C0B-46E3-B7B5-096FDD15FE09 Old ItemGUID= New ItemGUID=F538B214-87C5-4722-9F5C-43FCEFE5AA46 Old RevisionGUID= New RevisionGUID=396F2A29-EDC7-479F-B228-AF765E4B0236
Change Managed Component Library Link : Designator=R8 Old VaultGUID= New VaultGUID=7C5C494C-8C0B-46E3-B7B5-096FDD15FE09 Old ItemGUID= New ItemGUID=F538B214-87C5-4722-9F5C-43FCEFE5AA46 Old RevisionGUID= New RevisionGUID=396F2A29-EDC7-479F-B228-AF765E4B0236
Change Managed Component Library Link : Designator=R9 Old VaultGUID= New VaultGUID=7C5C494C-8C0B-46E3-B7B5-096FDD15FE09 Old ItemGUID= New ItemGUID=A4CDAEA0-282C-4976-832C-941371EA0A17 Old RevisionGUID= New RevisionGUID=81DA2265-7132-46A6-97C2-A033B23A159A
Change Managed Component Library Link : Designator=R10 Old VaultGUID= New VaultGUID=7C5C494C-8C0B-46E3-B7B5-096FDD15FE09 Old ItemGUID= New ItemGUID=A4CDAEA0-282C-4976-832C-941371EA0A17 Old RevisionGUID= New RevisionGUID=81DA2265-7132-46A6-97C2-A033B23A159A
Change Managed Component Library Link : Designator=R11 Old VaultGUID= New VaultGUID=7C5C494C-8C0B-46E3-B7B5-096FDD15FE09 Old ItemGUID= New ItemGUID=F538B214-87C5-4722-9F5C-43FCEFE5AA46 Old RevisionGUID= New RevisionGUID=396F2A29-EDC7-479F-B228-AF765E4B0236
Change Managed Component Library Link : Designator=R12 Old VaultGUID= New VaultGUID=7C5C494C-8C0B-46E3-B7B5-096FDD15FE09 Old ItemGUID= New ItemGUID=F538B214-87C5-4722-9F5C-43FCEFE5AA46 Old RevisionGUID= New RevisionGUID=396F2A29-EDC7-479F-B228-AF765E4B0236
Change Managed Component Library Link : Designator=R13 Old VaultGUID= New VaultGUID=7C5C494C-8C0B-46E3-B7B5-096FDD15FE09 Old ItemGUID= New ItemGUID=F538B214-87C5-4722-9F5C-43FCEFE5AA46 Old RevisionGUID= New RevisionGUID=396F2A29-EDC7-479F-B228-AF765E4B0236
Change Managed Component Library Link : Designator=R14 Old VaultGUID= New VaultGUID=7C5C494C-8C0B-46E3-B7B5-096FDD15FE09 Old ItemGUID= New ItemGUID=F538B214-87C5-4722-9F5C-43FCEFE5AA46 Old RevisionGUID= New RevisionGUID=396F2A29-EDC7-479F-B228-AF765E4B0236
Change Managed Component Library Link : Designator=R15 Old VaultGUID= New VaultGUID=7C5C494C-8C0B-46E3-B7B5-096FDD15FE09 Old ItemGUID= New ItemGUID=4270E17F-9624-48DA-8C18-1DA3D0F15D6E Old RevisionGUID= New RevisionGUID=73BC6AEE-10A8-43A1-864F-9CFFE125CE37
Change Managed Component Library Link : Designator=R16 Old VaultGUID= New VaultGUID=7C5C494C-8C0B-46E3-B7B5-096FDD15FE09 Old ItemGUID= New ItemGUID=F538B214-87C5-4722-9F5C-43FCEFE5AA46 Old RevisionGUID= New RevisionGUID=396F2A29-EDC7-479F-B228-AF765E4B0236
Change Managed Component Library Link : Designator=R17 Old VaultGUID= New VaultGUID=7C5C494C-8C0B-46E3-B7B5-096FDD15FE09 Old ItemGUID= New ItemGUID=F538B214-87C5-4722-9F5C-43FCEFE5AA46 Old RevisionGUID= New RevisionGUID=396F2A29-EDC7-479F-B228-AF765E4B0236
Change Managed Component Library Link : Designator=R18 Old VaultGUID= New VaultGUID=7C5C494C-8C0B-46E3-B7B5-096FDD15FE09 Old ItemGUID= New ItemGUID=F538B214-87C5-4722-9F5C-43FCEFE5AA46 Old RevisionGUID= New RevisionGUID=396F2A29-EDC7-479F-B228-AF765E4B0236
Change Managed Component Library Link : Designator=R19 Old VaultGUID= New VaultGUID=7C5C494C-8C0B-46E3-B7B5-096FDD15FE09 Old ItemGUID= New ItemGUID=F538B214-87C5-4722-9F5C-43FCEFE5AA46 Old RevisionGUID= New RevisionGUID=396F2A29-EDC7-479F-B228-AF765E4B0236
Change Managed Component Library Link : Designator=R20 Old VaultGUID= New VaultGUID=7C5C494C-8C0B-46E3-B7B5-096FDD15FE09 Old ItemGUID= New ItemGUID=2CFDDFFA-B244-4BA5-9268-1EE49256B998 Old RevisionGUID= New RevisionGUID=F28BA33C-DA91-4C00-A23A-8A1731D5C35C
Change Managed Component Library Link : Designator=R21 Old VaultGUID= New VaultGUID=7C5C494C-8C0B-46E3-B7B5-096FDD15FE09 Old ItemGUID= New ItemGUID=F538B214-87C5-4722-9F5C-43FCEFE5AA46 Old RevisionGUID= New RevisionGUID=396F2A29-EDC7-479F-B228-AF765E4B0236
Change Managed Component Library Link : Designator=R22 Old VaultGUID= New VaultGUID=7C5C494C-8C0B-46E3-B7B5-096FDD15FE09 Old ItemGUID= New ItemGUID=F538B214-87C5-4722-9F5C-43FCEFE5AA46 Old RevisionGUID= New RevisionGUID=396F2A29-EDC7-479F-B228-AF765E4B0236
Change Managed Component Library Link : Designator=R23 Old VaultGUID= New VaultGUID=7C5C494C-8C0B-46E3-B7B5-096FDD15FE09 Old ItemGUID= New ItemGUID=F538B214-87C5-4722-9F5C-43FCEFE5AA46 Old RevisionGUID= New RevisionGUID=396F2A29-EDC7-479F-B228-AF765E4B0236
Change Managed Component Library Link : Designator=R24 Old VaultGUID= New VaultGUID=7C5C494C-8C0B-46E3-B7B5-096FDD15FE09 Old ItemGUID= New ItemGUID=F538B214-87C5-4722-9F5C-43FCEFE5AA46 Old RevisionGUID= New RevisionGUID=396F2A29-EDC7-479F-B228-AF765E4B0236
Change Managed Component Library Link : Designator=R25 Old VaultGUID= New VaultGUID=7C5C494C-8C0B-46E3-B7B5-096FDD15FE09 Old ItemGUID= New ItemGUID=2CFDDFFA-B244-4BA5-9268-1EE49256B998 Old RevisionGUID= New RevisionGUID=F28BA33C-DA91-4C00-A23A-8A1731D5C35C
Change Managed Component Library Link : Designator=R26 Old VaultGUID= New VaultGUID=7C5C494C-8C0B-46E3-B7B5-096FDD15FE09 Old ItemGUID= New ItemGUID=7D4DF192-3286-4961-A683-AD8341853D13 Old RevisionGUID= New RevisionGUID=7C536D1D-C182-4461-93C9-91949309DEA7
Change Managed Component Library Link : Designator=R27 Old VaultGUID= New VaultGUID=7C5C494C-8C0B-46E3-B7B5-096FDD15FE09 Old ItemGUID= New ItemGUID=3A7BB3F0-E50A-48D1-91DA-4030A806A14A Old RevisionGUID= New RevisionGUID=0C079590-29C9-4D82-A3AE-CB827A5BC5A0
Change Managed Component Library Link : Designator=R28 Old VaultGUID= New VaultGUID=7C5C494C-8C0B-46E3-B7B5-096FDD15FE09 Old ItemGUID= New ItemGUID=3A7BB3F0-E50A-48D1-91DA-4030A806A14A Old RevisionGUID= New RevisionGUID=0C079590-29C9-4D82-A3AE-CB827A5BC5A0
Change Managed Component Library Link : Designator=R29 Old VaultGUID= New VaultGUID=7C5C494C-8C0B-46E3-B7B5-096FDD15FE09 Old ItemGUID= New ItemGUID=2CFDDFFA-B244-4BA5-9268-1EE49256B998 Old RevisionGUID= New RevisionGUID=F28BA33C-DA91-4C00-A23A-8A1731D5C35C
Change Managed Component Library Link : Designator=R30 Old VaultGUID= New VaultGUID=7C5C494C-8C0B-46E3-B7B5-096FDD15FE09 Old ItemGUID= New ItemGUID=921492F5-0892-46DC-9EFC-7438E854AFAE Old RevisionGUID= New RevisionGUID=4E1D5071-CF6B-434B-863F-BF9502B83949
Change Managed Component Library Link : Designator=R31 Old VaultGUID= New VaultGUID=7C5C494C-8C0B-46E3-B7B5-096FDD15FE09 Old ItemGUID= New ItemGUID=3A7BB3F0-E50A-48D1-91DA-4030A806A14A Old RevisionGUID= New RevisionGUID=0C079590-29C9-4D82-A3AE-CB827A5BC5A0
Change Managed Component Library Link : Designator=R32 Old VaultGUID= New VaultGUID=7C5C494C-8C0B-46E3-B7B5-096FDD15FE09 Old ItemGUID= New ItemGUID=4A0FB139-F90A-491F-B9F7-4FDB32DF8A37 Old RevisionGUID= New RevisionGUID=0DC2B973-EA9E-472D-B4B2-3D00A835CD0E
Change Managed Component Library Link : Designator=R33 Old VaultGUID= New VaultGUID=7C5C494C-8C0B-46E3-B7B5-096FDD15FE09 Old ItemGUID= New ItemGUID=5465C0E2-3AB1-41FF-B6A3-95C1F4347D1B Old RevisionGUID= New RevisionGUID=916BC91E-951D-4B6A-B99D-431490926C3C
Change Managed Component Library Link : Designator=R34 Old VaultGUID= New VaultGUID=7C5C494C-8C0B-46E3-B7B5-096FDD15FE09 Old ItemGUID= New ItemGUID=4A0FB139-F90A-491F-B9F7-4FDB32DF8A37 Old RevisionGUID= New RevisionGUID=0DC2B973-EA9E-472D-B4B2-3D00A835CD0E
Change Managed Component Library Link : Designator=R35 Old VaultGUID= New VaultGUID=7C5C494C-8C0B-46E3-B7B5-096FDD15FE09 Old ItemGUID= New ItemGUID=3D42F7A2-C6A5-4E22-9EC0-A1361FBEEBE9 Old RevisionGUID= New RevisionGUID=FD099B01-A82C-4F44-AB9B-7CA824C630D6
Change Managed Component Library Link : Designator=R36 Old VaultGUID= New VaultGUID=7C5C494C-8C0B-46E3-B7B5-096FDD15FE09 Old ItemGUID= New ItemGUID=4A0FB139-F90A-491F-B9F7-4FDB32DF8A37 Old RevisionGUID= New RevisionGUID=0DC2B973-EA9E-472D-B4B2-3D00A835CD0E
Change Managed Component Library Link : Designator=R37 Old VaultGUID= New VaultGUID=7C5C494C-8C0B-46E3-B7B5-096FDD15FE09 Old ItemGUID= New ItemGUID=4A0FB139-F90A-491F-B9F7-4FDB32DF8A37 Old RevisionGUID= New RevisionGUID=0DC2B973-EA9E-472D-B4B2-3D00A835CD0E
Change Managed Component Library Link : Designator=R38 Old VaultGUID= New VaultGUID=7C5C494C-8C0B-46E3-B7B5-096FDD15FE09 Old ItemGUID= New ItemGUID=CBAC852D-1035-4C70-AE03-6E88887B4D3B Old RevisionGUID= New RevisionGUID=11841115-E01F-4D8F-B031-EC270C02B8D4
Change Managed Component Library Link : Designator=R39 Old VaultGUID= New VaultGUID=7C5C494C-8C0B-46E3-B7B5-096FDD15FE09 Old ItemGUID= New ItemGUID=5465C0E2-3AB1-41FF-B6A3-95C1F4347D1B Old RevisionGUID= New RevisionGUID=916BC91E-951D-4B6A-B99D-431490926C3C
Change Managed Component Library Link : Designator=R40 Old VaultGUID= New VaultGUID=7C5C494C-8C0B-46E3-B7B5-096FDD15FE09 Old ItemGUID= New ItemGUID=5465C0E2-3AB1-41FF-B6A3-95C1F4347D1B Old RevisionGUID= New RevisionGUID=916BC91E-951D-4B6A-B99D-431490926C3C
Change Managed Component Library Link : Designator=R41 Old VaultGUID= New VaultGUID=7C5C494C-8C0B-46E3-B7B5-096FDD15FE09 Old ItemGUID= New ItemGUID=3A7BB3F0-E50A-48D1-91DA-4030A806A14A Old RevisionGUID= New RevisionGUID=0C079590-29C9-4D82-A3AE-CB827A5BC5A0
Change Managed Component Library Link : Designator=R42 Old VaultGUID= New VaultGUID=7C5C494C-8C0B-46E3-B7B5-096FDD15FE09 Old ItemGUID= New ItemGUID=3D42F7A2-C6A5-4E22-9EC0-A1361FBEEBE9 Old RevisionGUID= New RevisionGUID=FD099B01-A82C-4F44-AB9B-7CA824C630D6
Change Managed Component Library Link : Designator=R43 Old VaultGUID= New VaultGUID=7C5C494C-8C0B-46E3-B7B5-096FDD15FE09 Old ItemGUID= New ItemGUID=3D42F7A2-C6A5-4E22-9EC0-A1361FBEEBE9 Old RevisionGUID= New RevisionGUID=FD099B01-A82C-4F44-AB9B-7CA824C630D6
Change Managed Component Library Link : Designator=R44 Old VaultGUID= New VaultGUID=7C5C494C-8C0B-46E3-B7B5-096FDD15FE09 Old ItemGUID= New ItemGUID=E07712DE-A665-4E30-90F4-EEFE8ABCD0BC Old RevisionGUID= New RevisionGUID=536D9633-D44F-4B2B-9361-1E1C5932E217
Change Managed Component Library Link : Designator=R45 Old VaultGUID= New VaultGUID=7C5C494C-8C0B-46E3-B7B5-096FDD15FE09 Old ItemGUID= New ItemGUID=320F67D0-96D8-4B0D-87AF-64C81B94B94C Old RevisionGUID= New RevisionGUID=1B0A6821-2195-403E-8575-F21E81EDA052
Change Managed Component Library Link : Designator=R46 Old VaultGUID= New VaultGUID=7C5C494C-8C0B-46E3-B7B5-096FDD15FE09 Old ItemGUID= New ItemGUID=01B6A6DA-792E-4A11-B400-B2118AF18861 Old RevisionGUID= New RevisionGUID=79B6F1A3-1DB6-4106-8F82-1B08FFEDAD31
Change Managed Component Library Link : Designator=R47 Old VaultGUID= New VaultGUID=7C5C494C-8C0B-46E3-B7B5-096FDD15FE09 Old ItemGUID= New ItemGUID=4A0FB139-F90A-491F-B9F7-4FDB32DF8A37 Old RevisionGUID= New RevisionGUID=0DC2B973-EA9E-472D-B4B2-3D00A835CD0E
Change Managed Component Library Link : Designator=R48 Old VaultGUID= New VaultGUID=7C5C494C-8C0B-46E3-B7B5-096FDD15FE09 Old ItemGUID= New ItemGUID=320F67D0-96D8-4B0D-87AF-64C81B94B94C Old RevisionGUID= New RevisionGUID=1B0A6821-2195-403E-8575-F21E81EDA052
Change Managed Component Library Link : Designator=R49 Old VaultGUID= New VaultGUID=7C5C494C-8C0B-46E3-B7B5-096FDD15FE09 Old ItemGUID= New ItemGUID=4A0FB139-F90A-491F-B9F7-4FDB32DF8A37 Old RevisionGUID= New RevisionGUID=0DC2B973-EA9E-472D-B4B2-3D00A835CD0E
Change Managed Component Library Link : Designator=R50 Old VaultGUID= New VaultGUID=7C5C494C-8C0B-46E3-B7B5-096FDD15FE09 Old ItemGUID= New ItemGUID=3D42F7A2-C6A5-4E22-9EC0-A1361FBEEBE9 Old RevisionGUID= New RevisionGUID=FD099B01-A82C-4F44-AB9B-7CA824C630D6
Change Managed Component Library Link : Designator=R51 Old VaultGUID= New VaultGUID=7C5C494C-8C0B-46E3-B7B5-096FDD15FE09 Old ItemGUID= New ItemGUID=3D42F7A2-C6A5-4E22-9EC0-A1361FBEEBE9 Old RevisionGUID= New RevisionGUID=FD099B01-A82C-4F44-AB9B-7CA824C630D6
Change Managed Component Library Link : Designator=R52 Old VaultGUID= New VaultGUID=7C5C494C-8C0B-46E3-B7B5-096FDD15FE09 Old ItemGUID= New ItemGUID=3D42F7A2-C6A5-4E22-9EC0-A1361FBEEBE9 Old RevisionGUID= New RevisionGUID=FD099B01-A82C-4F44-AB9B-7CA824C630D6
Change Managed Component Library Link : Designator=R53 Old VaultGUID= New VaultGUID=7C5C494C-8C0B-46E3-B7B5-096FDD15FE09 Old ItemGUID= New ItemGUID=4A0FB139-F90A-491F-B9F7-4FDB32DF8A37 Old RevisionGUID= New RevisionGUID=0DC2B973-EA9E-472D-B4B2-3D00A835CD0E
Change Managed Component Library Link : Designator=R54 Old VaultGUID= New VaultGUID=7C5C494C-8C0B-46E3-B7B5-096FDD15FE09 Old ItemGUID= New ItemGUID=4A0FB139-F90A-491F-B9F7-4FDB32DF8A37 Old RevisionGUID= New RevisionGUID=0DC2B973-EA9E-472D-B4B2-3D00A835CD0E
Change Managed Component Library Link : Designator=R55 Old VaultGUID= New VaultGUID=7C5C494C-8C0B-46E3-B7B5-096FDD15FE09 Old ItemGUID= New ItemGUID=0C2B2275-75AE-4C54-9844-78EB35FE8CBD Old RevisionGUID= New RevisionGUID=32729E94-5AFE-4058-ACDA-39467459CE2A
Change Managed Component Library Link : Designator=R56 Old VaultGUID= New VaultGUID=7C5C494C-8C0B-46E3-B7B5-096FDD15FE09 Old ItemGUID= New ItemGUID=4270E17F-9624-48DA-8C18-1DA3D0F15D6E Old RevisionGUID= New RevisionGUID=73BC6AEE-10A8-43A1-864F-9CFFE125CE37
Change Managed Component Library Link : Designator=R57 Old VaultGUID= New VaultGUID=7C5C494C-8C0B-46E3-B7B5-096FDD15FE09 Old ItemGUID= New ItemGUID=2CFDDFFA-B244-4BA5-9268-1EE49256B998 Old RevisionGUID= New RevisionGUID=F28BA33C-DA91-4C00-A23A-8A1731D5C35C
Change Managed Component Library Link : Designator=R58 Old VaultGUID= New VaultGUID=7C5C494C-8C0B-46E3-B7B5-096FDD15FE09 Old ItemGUID= New ItemGUID=CBAC852D-1035-4C70-AE03-6E88887B4D3B Old RevisionGUID= New RevisionGUID=11841115-E01F-4D8F-B031-EC270C02B8D4
Change Managed Component Library Link : Designator=R59 Old VaultGUID= New VaultGUID=7C5C494C-8C0B-46E3-B7B5-096FDD15FE09 Old ItemGUID= New ItemGUID=062AEC72-3D25-4B54-834B-F7AABE6AC87B Old RevisionGUID= New RevisionGUID=5BA2143D-D253-490A-9BF6-BD18E3B0169B
Change Managed Component Library Link : Designator=R60 Old VaultGUID= New VaultGUID=7C5C494C-8C0B-46E3-B7B5-096FDD15FE09 Old ItemGUID= New ItemGUID=3D61A8A1-C4B0-4D80-935A-862AFE790035 Old RevisionGUID= New RevisionGUID=974D89E5-318C-4109-BA09-F5825461E1AB
Change Managed Component Library Link : Designator=R61 Old VaultGUID= New VaultGUID=7C5C494C-8C0B-46E3-B7B5-096FDD15FE09 Old ItemGUID= New ItemGUID=062AEC72-3D25-4B54-834B-F7AABE6AC87B Old RevisionGUID= New RevisionGUID=5BA2143D-D253-490A-9BF6-BD18E3B0169B
Change Managed Component Library Link : Designator=R62 Old VaultGUID= New VaultGUID=7C5C494C-8C0B-46E3-B7B5-096FDD15FE09 Old ItemGUID= New ItemGUID=062AEC72-3D25-4B54-834B-F7AABE6AC87B Old RevisionGUID= New RevisionGUID=5BA2143D-D253-490A-9BF6-BD18E3B0169B
Change Managed Component Library Link : Designator=R63 Old VaultGUID= New VaultGUID=7C5C494C-8C0B-46E3-B7B5-096FDD15FE09 Old ItemGUID= New ItemGUID=062AEC72-3D25-4B54-834B-F7AABE6AC87B Old RevisionGUID= New RevisionGUID=5BA2143D-D253-490A-9BF6-BD18E3B0169B
Change Managed Component Library Link : Designator=R64 Old VaultGUID= New VaultGUID=7C5C494C-8C0B-46E3-B7B5-096FDD15FE09 Old ItemGUID= New ItemGUID=EC5EF316-7EDB-49D4-8A1D-C68F8A222B9E Old RevisionGUID= New RevisionGUID=CF935020-35B6-4162-8574-936C6433485B
Change Managed Component Library Link : Designator=R65 Old VaultGUID= New VaultGUID=7C5C494C-8C0B-46E3-B7B5-096FDD15FE09 Old ItemGUID= New ItemGUID=ABF5DC9E-5934-409C-8FC6-892C089EA294 Old RevisionGUID= New RevisionGUID=3AD6383F-6F08-4A44-BC51-BAF5F8A18666
Change Managed Component Library Link : Designator=R66 Old VaultGUID= New VaultGUID=7C5C494C-8C0B-46E3-B7B5-096FDD15FE09 Old ItemGUID= New ItemGUID=CBAC852D-1035-4C70-AE03-6E88887B4D3B Old RevisionGUID= New RevisionGUID=11841115-E01F-4D8F-B031-EC270C02B8D4
Change Managed Component Library Link : Designator=R67 Old VaultGUID= New VaultGUID=7C5C494C-8C0B-46E3-B7B5-096FDD15FE09 Old ItemGUID= New ItemGUID=3A7BB3F0-E50A-48D1-91DA-4030A806A14A Old RevisionGUID= New RevisionGUID=0C079590-29C9-4D82-A3AE-CB827A5BC5A0
Change Managed Component Library Link : Designator=R68 Old VaultGUID= New VaultGUID=7C5C494C-8C0B-46E3-B7B5-096FDD15FE09 Old ItemGUID= New ItemGUID=EC5EF316-7EDB-49D4-8A1D-C68F8A222B9E Old RevisionGUID= New RevisionGUID=CF935020-35B6-4162-8574-936C6433485B
Change Managed Component Library Link : Designator=R69 Old VaultGUID= New VaultGUID=7C5C494C-8C0B-46E3-B7B5-096FDD15FE09 Old ItemGUID= New ItemGUID=4A0FB139-F90A-491F-B9F7-4FDB32DF8A37 Old RevisionGUID= New RevisionGUID=0DC2B973-EA9E-472D-B4B2-3D00A835CD0E
Change Managed Component Library Link : Designator=R70 Old VaultGUID= New VaultGUID=7C5C494C-8C0B-46E3-B7B5-096FDD15FE09 Old ItemGUID= New ItemGUID=EC5EF316-7EDB-49D4-8A1D-C68F8A222B9E Old RevisionGUID= New RevisionGUID=CF935020-35B6-4162-8574-936C6433485B
Change Managed Component Library Link : Designator=R71 Old VaultGUID= New VaultGUID=7C5C494C-8C0B-46E3-B7B5-096FDD15FE09 Old ItemGUID= New ItemGUID=EC5EF316-7EDB-49D4-8A1D-C68F8A222B9E Old RevisionGUID= New RevisionGUID=CF935020-35B6-4162-8574-936C6433485B
Change Managed Component Library Link : Designator=R72 Old VaultGUID= New VaultGUID=7C5C494C-8C0B-46E3-B7B5-096FDD15FE09 Old ItemGUID= New ItemGUID=4A0FB139-F90A-491F-B9F7-4FDB32DF8A37 Old RevisionGUID= New RevisionGUID=0DC2B973-EA9E-472D-B4B2-3D00A835CD0E
Change Managed Component Library Link : Designator=R73 Old VaultGUID= New VaultGUID=7C5C494C-8C0B-46E3-B7B5-096FDD15FE09 Old ItemGUID= New ItemGUID=EC5EF316-7EDB-49D4-8A1D-C68F8A222B9E Old RevisionGUID= New RevisionGUID=CF935020-35B6-4162-8574-936C6433485B
Change Managed Component Library Link : Designator=R74 Old VaultGUID= New VaultGUID=7C5C494C-8C0B-46E3-B7B5-096FDD15FE09 Old ItemGUID= New ItemGUID=EC5EF316-7EDB-49D4-8A1D-C68F8A222B9E Old RevisionGUID= New RevisionGUID=CF935020-35B6-4162-8574-936C6433485B
Change Managed Component Library Link : Designator=R75 Old VaultGUID= New VaultGUID=7C5C494C-8C0B-46E3-B7B5-096FDD15FE09 Old ItemGUID= New ItemGUID=4A0FB139-F90A-491F-B9F7-4FDB32DF8A37 Old RevisionGUID= New RevisionGUID=0DC2B973-EA9E-472D-B4B2-3D00A835CD0E
Change Managed Component Library Link : Designator=R76 Old VaultGUID= New VaultGUID=7C5C494C-8C0B-46E3-B7B5-096FDD15FE09 Old ItemGUID= New ItemGUID=EC5EF316-7EDB-49D4-8A1D-C68F8A222B9E Old RevisionGUID= New RevisionGUID=CF935020-35B6-4162-8574-936C6433485B
Change Managed Component Library Link : Designator=R77 Old VaultGUID= New VaultGUID=7C5C494C-8C0B-46E3-B7B5-096FDD15FE09 Old ItemGUID= New ItemGUID=EC5EF316-7EDB-49D4-8A1D-C68F8A222B9E Old RevisionGUID= New RevisionGUID=CF935020-35B6-4162-8574-936C6433485B
Change Managed Component Library Link : Designator=R78 Old VaultGUID= New VaultGUID=7C5C494C-8C0B-46E3-B7B5-096FDD15FE09 Old ItemGUID= New ItemGUID=4A0FB139-F90A-491F-B9F7-4FDB32DF8A37 Old RevisionGUID= New RevisionGUID=0DC2B973-EA9E-472D-B4B2-3D00A835CD0E
Change Managed Component Library Link : Designator=R79 Old VaultGUID= New VaultGUID=7C5C494C-8C0B-46E3-B7B5-096FDD15FE09 Old ItemGUID= New ItemGUID=CBAC852D-1035-4C70-AE03-6E88887B4D3B Old RevisionGUID= New RevisionGUID=11841115-E01F-4D8F-B031-EC270C02B8D4
Change Managed Component Library Link : Designator=R80 Old VaultGUID= New VaultGUID=7C5C494C-8C0B-46E3-B7B5-096FDD15FE09 Old ItemGUID= New ItemGUID=61618F7E-0AFB-4F98-89DD-40F66ED30920 Old RevisionGUID= New RevisionGUID=B2DB1E60-9319-4A1C-8D67-B3BB30805ACC
Change Managed Component Library Link : Designator=R81 Old VaultGUID= New VaultGUID=7C5C494C-8C0B-46E3-B7B5-096FDD15FE09 Old ItemGUID= New ItemGUID=3A7BB3F0-E50A-48D1-91DA-4030A806A14A Old RevisionGUID= New RevisionGUID=0C079590-29C9-4D82-A3AE-CB827A5BC5A0
Change Managed Component Library Link : Designator=R82 Old VaultGUID= New VaultGUID=7C5C494C-8C0B-46E3-B7B5-096FDD15FE09 Old ItemGUID= New ItemGUID=062AEC72-3D25-4B54-834B-F7AABE6AC87B Old RevisionGUID= New RevisionGUID=5BA2143D-D253-490A-9BF6-BD18E3B0169B
Change Managed Component Library Link : Designator=R83 Old VaultGUID= New VaultGUID=7C5C494C-8C0B-46E3-B7B5-096FDD15FE09 Old ItemGUID= New ItemGUID=4A0FB139-F90A-491F-B9F7-4FDB32DF8A37 Old RevisionGUID= New RevisionGUID=0DC2B973-EA9E-472D-B4B2-3D00A835CD0E
Change Managed Component Library Link : Designator=R84 Old VaultGUID= New VaultGUID=7C5C494C-8C0B-46E3-B7B5-096FDD15FE09 Old ItemGUID= New ItemGUID=4A0FB139-F90A-491F-B9F7-4FDB32DF8A37 Old RevisionGUID= New RevisionGUID=0DC2B973-EA9E-472D-B4B2-3D00A835CD0E
Change Managed Component Library Link : Designator=R85 Old VaultGUID= New VaultGUID=7C5C494C-8C0B-46E3-B7B5-096FDD15FE09 Old ItemGUID= New ItemGUID=4A0FB139-F90A-491F-B9F7-4FDB32DF8A37 Old RevisionGUID= New RevisionGUID=0DC2B973-EA9E-472D-B4B2-3D00A835CD0E
Change Managed Component Library Link : Designator=R86 Old VaultGUID= New VaultGUID=7C5C494C-8C0B-46E3-B7B5-096FDD15FE09 Old ItemGUID= New ItemGUID=4A0FB139-F90A-491F-B9F7-4FDB32DF8A37 Old RevisionGUID= New RevisionGUID=0DC2B973-EA9E-472D-B4B2-3D00A835CD0E
Change Managed Component Library Link : Designator=R87 Old VaultGUID= New VaultGUID=7C5C494C-8C0B-46E3-B7B5-096FDD15FE09 Old ItemGUID= New ItemGUID=16613E66-6F42-4084-B7E3-42A4A6111A6B Old RevisionGUID= New RevisionGUID=46338214-DE25-47A6-A7C0-8E725DBB5B80
Change Managed Component Library Link : Designator=R88 Old VaultGUID= New VaultGUID=7C5C494C-8C0B-46E3-B7B5-096FDD15FE09 Old ItemGUID= New ItemGUID=16613E66-6F42-4084-B7E3-42A4A6111A6B Old RevisionGUID= New RevisionGUID=46338214-DE25-47A6-A7C0-8E725DBB5B80
Change Managed Component Library Link : Designator=R89 Old VaultGUID= New VaultGUID=7C5C494C-8C0B-46E3-B7B5-096FDD15FE09 Old ItemGUID= New ItemGUID=2CFDDFFA-B244-4BA5-9268-1EE49256B998 Old RevisionGUID= New RevisionGUID=F28BA33C-DA91-4C00-A23A-8A1731D5C35C
Change Managed Component Library Link : Designator=R90 Old VaultGUID= New VaultGUID=7C5C494C-8C0B-46E3-B7B5-096FDD15FE09 Old ItemGUID= New ItemGUID=16613E66-6F42-4084-B7E3-42A4A6111A6B Old RevisionGUID= New RevisionGUID=46338214-DE25-47A6-A7C0-8E725DBB5B80
Change Managed Component Library Link : Designator=R91 Old VaultGUID= New VaultGUID=7C5C494C-8C0B-46E3-B7B5-096FDD15FE09 Old ItemGUID= New ItemGUID=7D4DF192-3286-4961-A683-AD8341853D13 Old RevisionGUID= New RevisionGUID=7C536D1D-C182-4461-93C9-91949309DEA7
Change Managed Component Library Link : Designator=R92 Old VaultGUID= New VaultGUID=7C5C494C-8C0B-46E3-B7B5-096FDD15FE09 Old ItemGUID= New ItemGUID=2CFDDFFA-B244-4BA5-9268-1EE49256B998 Old RevisionGUID= New RevisionGUID=F28BA33C-DA91-4C00-A23A-8A1731D5C35C
Change Managed Component Library Link : Designator=R93 Old VaultGUID= New VaultGUID=7C5C494C-8C0B-46E3-B7B5-096FDD15FE09 Old ItemGUID= New ItemGUID=16613E66-6F42-4084-B7E3-42A4A6111A6B Old RevisionGUID= New RevisionGUID=46338214-DE25-47A6-A7C0-8E725DBB5B80
Change Managed Component Library Link : Designator=R94 Old VaultGUID= New VaultGUID=7C5C494C-8C0B-46E3-B7B5-096FDD15FE09 Old ItemGUID= New ItemGUID=2CFDDFFA-B244-4BA5-9268-1EE49256B998 Old RevisionGUID= New RevisionGUID=F28BA33C-DA91-4C00-A23A-8A1731D5C35C
Change Managed Component Library Link : Designator=R95 Old VaultGUID= New VaultGUID=7C5C494C-8C0B-46E3-B7B5-096FDD15FE09 Old ItemGUID= New ItemGUID=16613E66-6F42-4084-B7E3-42A4A6111A6B Old RevisionGUID= New RevisionGUID=46338214-DE25-47A6-A7C0-8E725DBB5B80
Change Managed Component Library Link : Designator=R96 Old VaultGUID= New VaultGUID=7C5C494C-8C0B-46E3-B7B5-096FDD15FE09 Old ItemGUID= New ItemGUID=16613E66-6F42-4084-B7E3-42A4A6111A6B Old RevisionGUID= New RevisionGUID=46338214-DE25-47A6-A7C0-8E725DBB5B80
Change Managed Component Library Link : Designator=R97 Old VaultGUID= New VaultGUID=7C5C494C-8C0B-46E3-B7B5-096FDD15FE09 Old ItemGUID= New ItemGUID=2CFDDFFA-B244-4BA5-9268-1EE49256B998 Old RevisionGUID= New RevisionGUID=F28BA33C-DA91-4C00-A23A-8A1731D5C35C
Change Managed Component Library Link : Designator=R98 Old VaultGUID= New VaultGUID=7C5C494C-8C0B-46E3-B7B5-096FDD15FE09 Old ItemGUID= New ItemGUID=16613E66-6F42-4084-B7E3-42A4A6111A6B Old RevisionGUID= New RevisionGUID=46338214-DE25-47A6-A7C0-8E725DBB5B80
Change Managed Component Library Link : Designator=R99 Old VaultGUID= New VaultGUID=7C5C494C-8C0B-46E3-B7B5-096FDD15FE09 Old ItemGUID= New ItemGUID=2CFDDFFA-B244-4BA5-9268-1EE49256B998 Old RevisionGUID= New RevisionGUID=F28BA33C-DA91-4C00-A23A-8A1731D5C35C
Change Managed Component Library Link : Designator=R100 Old VaultGUID= New VaultGUID=7C5C494C-8C0B-46E3-B7B5-096FDD15FE09 Old ItemGUID= New ItemGUID=16613E66-6F42-4084-B7E3-42A4A6111A6B Old RevisionGUID= New RevisionGUID=46338214-DE25-47A6-A7C0-8E725DBB5B80
Change Managed Component Library Link : Designator=R101 Old VaultGUID= New VaultGUID=7C5C494C-8C0B-46E3-B7B5-096FDD15FE09 Old ItemGUID= New ItemGUID=16613E66-6F42-4084-B7E3-42A4A6111A6B Old RevisionGUID= New RevisionGUID=46338214-DE25-47A6-A7C0-8E725DBB5B80
Change Managed Component Library Link : Designator=R102 Old VaultGUID= New VaultGUID=7C5C494C-8C0B-46E3-B7B5-096FDD15FE09 Old ItemGUID= New ItemGUID=16613E66-6F42-4084-B7E3-42A4A6111A6B Old RevisionGUID= New RevisionGUID=46338214-DE25-47A6-A7C0-8E725DBB5B80
Change Managed Component Library Link : Designator=R103 Old VaultGUID= New VaultGUID=7C5C494C-8C0B-46E3-B7B5-096FDD15FE09 Old ItemGUID= New ItemGUID=16613E66-6F42-4084-B7E3-42A4A6111A6B Old RevisionGUID= New RevisionGUID=46338214-DE25-47A6-A7C0-8E725DBB5B80
Change Managed Component Library Link : Designator=R104 Old VaultGUID= New VaultGUID=7C5C494C-8C0B-46E3-B7B5-096FDD15FE09 Old ItemGUID= New ItemGUID=16613E66-6F42-4084-B7E3-42A4A6111A6B Old RevisionGUID= New RevisionGUID=46338214-DE25-47A6-A7C0-8E725DBB5B80
Change Managed Component Library Link : Designator=R105 Old VaultGUID= New VaultGUID=7C5C494C-8C0B-46E3-B7B5-096FDD15FE09 Old ItemGUID= New ItemGUID=16613E66-6F42-4084-B7E3-42A4A6111A6B Old RevisionGUID= New RevisionGUID=46338214-DE25-47A6-A7C0-8E725DBB5B80
Change Managed Component Library Link : Designator=R106 Old VaultGUID= New VaultGUID=7C5C494C-8C0B-46E3-B7B5-096FDD15FE09 Old ItemGUID= New ItemGUID=16613E66-6F42-4084-B7E3-42A4A6111A6B Old RevisionGUID= New RevisionGUID=46338214-DE25-47A6-A7C0-8E725DBB5B80
Change Managed Component Library Link : Designator=R107 Old VaultGUID= New VaultGUID=7C5C494C-8C0B-46E3-B7B5-096FDD15FE09 Old ItemGUID= New ItemGUID=16613E66-6F42-4084-B7E3-42A4A6111A6B Old RevisionGUID= New RevisionGUID=46338214-DE25-47A6-A7C0-8E725DBB5B80
Change Managed Component Library Link : Designator=R108 Old VaultGUID= New VaultGUID=7C5C494C-8C0B-46E3-B7B5-096FDD15FE09 Old ItemGUID= New ItemGUID=16613E66-6F42-4084-B7E3-42A4A6111A6B Old RevisionGUID= New RevisionGUID=46338214-DE25-47A6-A7C0-8E725DBB5B80
Change Managed Component Library Link : Designator=R109 Old VaultGUID= New VaultGUID=7C5C494C-8C0B-46E3-B7B5-096FDD15FE09 Old ItemGUID= New ItemGUID=2CFDDFFA-B244-4BA5-9268-1EE49256B998 Old RevisionGUID= New RevisionGUID=F28BA33C-DA91-4C00-A23A-8A1731D5C35C
Change Managed Component Library Link : Designator=R110 Old VaultGUID= New VaultGUID=7C5C494C-8C0B-46E3-B7B5-096FDD15FE09 Old ItemGUID= New ItemGUID=2CFDDFFA-B244-4BA5-9268-1EE49256B998 Old RevisionGUID= New RevisionGUID=F28BA33C-DA91-4C00-A23A-8A1731D5C35C
Change Managed Component Library Link : Designator=R111 Old VaultGUID= New VaultGUID=7C5C494C-8C0B-46E3-B7B5-096FDD15FE09 Old ItemGUID= New ItemGUID=2CFDDFFA-B244-4BA5-9268-1EE49256B998 Old RevisionGUID= New RevisionGUID=F28BA33C-DA91-4C00-A23A-8A1731D5C35C
Change Managed Component Library Link : Designator=R112 Old VaultGUID= New VaultGUID=7C5C494C-8C0B-46E3-B7B5-096FDD15FE09 Old ItemGUID= New ItemGUID=4270E17F-9624-48DA-8C18-1DA3D0F15D6E Old RevisionGUID= New RevisionGUID=73BC6AEE-10A8-43A1-864F-9CFFE125CE37
Change Managed Component Library Link : Designator=R113 Old VaultGUID= New VaultGUID=7C5C494C-8C0B-46E3-B7B5-096FDD15FE09 Old ItemGUID= New ItemGUID=4270E17F-9624-48DA-8C18-1DA3D0F15D6E Old RevisionGUID= New RevisionGUID=73BC6AEE-10A8-43A1-864F-9CFFE125CE37
Change Managed Component Library Link : Designator=R114 Old VaultGUID= New VaultGUID=7C5C494C-8C0B-46E3-B7B5-096FDD15FE09 Old ItemGUID= New ItemGUID=5D5AE5D7-5CE8-4AC5-98B4-4A75DA0D0C35 Old RevisionGUID= New RevisionGUID=032CA22C-CE77-4AE8-A77D-5CAC68971699
Change Managed Component Library Link : Designator=R115 Old VaultGUID= New VaultGUID=7C5C494C-8C0B-46E3-B7B5-096FDD15FE09 Old ItemGUID= New ItemGUID=5D5AE5D7-5CE8-4AC5-98B4-4A75DA0D0C35 Old RevisionGUID= New RevisionGUID=032CA22C-CE77-4AE8-A77D-5CAC68971699
Change Managed Component Library Link : Designator=R116 Old VaultGUID= New VaultGUID=7C5C494C-8C0B-46E3-B7B5-096FDD15FE09 Old ItemGUID= New ItemGUID=D9E67D51-F4FF-42AB-94C4-748DC6C9BC5C Old RevisionGUID= New RevisionGUID=17967B49-0158-4E80-8AB5-EFC49FB777F7
Change Managed Component Library Link : Designator=R117 Old VaultGUID= New VaultGUID=7C5C494C-8C0B-46E3-B7B5-096FDD15FE09 Old ItemGUID= New ItemGUID=C393BA98-1F02-43AD-AFA0-5FEB1B721269 Old RevisionGUID= New RevisionGUID=57AB8140-9E97-41B8-8353-F176BA758C6A
Change Managed Component Library Link : Designator=R118 Old VaultGUID= New VaultGUID=7C5C494C-8C0B-46E3-B7B5-096FDD15FE09 Old ItemGUID= New ItemGUID=22AA59E2-DA45-405C-8E72-94A879C96123 Old RevisionGUID= New RevisionGUID=AE24BFA0-F383-4CC9-B567-9F1C86B0D177
Change Managed Component Library Link : Designator=R119 Old VaultGUID= New VaultGUID=7C5C494C-8C0B-46E3-B7B5-096FDD15FE09 Old ItemGUID= New ItemGUID=22AA59E2-DA45-405C-8E72-94A879C96123 Old RevisionGUID= New RevisionGUID=AE24BFA0-F383-4CC9-B567-9F1C86B0D177
Change Managed Component Library Link : Designator=R120 Old VaultGUID= New VaultGUID=7C5C494C-8C0B-46E3-B7B5-096FDD15FE09 Old ItemGUID= New ItemGUID=018BFDE0-FAA1-4094-9339-A6279B445CD2 Old RevisionGUID= New RevisionGUID=442AD34F-FD74-4036-A5F0-EA6A29A0F98A
Change Managed Component Library Link : Designator=R121 Old VaultGUID= New VaultGUID=7C5C494C-8C0B-46E3-B7B5-096FDD15FE09 Old ItemGUID= New ItemGUID=018BFDE0-FAA1-4094-9339-A6279B445CD2 Old RevisionGUID= New RevisionGUID=442AD34F-FD74-4036-A5F0-EA6A29A0F98A
Change Managed Component Library Link : Designator=R122 Old VaultGUID= New VaultGUID=7C5C494C-8C0B-46E3-B7B5-096FDD15FE09 Old ItemGUID= New ItemGUID=018BFDE0-FAA1-4094-9339-A6279B445CD2 Old RevisionGUID= New RevisionGUID=442AD34F-FD74-4036-A5F0-EA6A29A0F98A
Change Managed Component Library Link : Designator=R123 Old VaultGUID= New VaultGUID=7C5C494C-8C0B-46E3-B7B5-096FDD15FE09 Old ItemGUID= New ItemGUID=C393BA98-1F02-43AD-AFA0-5FEB1B721269 Old RevisionGUID= New RevisionGUID=57AB8140-9E97-41B8-8353-F176BA758C6A
Change Managed Component Library Link : Designator=RT1 Old VaultGUID= New VaultGUID=7C5C494C-8C0B-46E3-B7B5-096FDD15FE09 Old ItemGUID= New ItemGUID=6E89F551-20A1-4F6A-B078-DA41281DCFC0 Old RevisionGUID= New RevisionGUID=0C2D581D-283C-4B5D-BA58-7D595F803FF0
Change Managed Component Library Link : Designator=RT2 Old VaultGUID= New VaultGUID=7C5C494C-8C0B-46E3-B7B5-096FDD15FE09 Old ItemGUID= New ItemGUID=6E89F551-20A1-4F6A-B078-DA41281DCFC0 Old RevisionGUID= New RevisionGUID=0C2D581D-283C-4B5D-BA58-7D595F803FF0
Change Managed Component Library Link : Designator=S1 Old VaultGUID= New VaultGUID=7C5C494C-8C0B-46E3-B7B5-096FDD15FE09 Old ItemGUID= New ItemGUID=B19AA859-13D5-4AD4-876A-17BAE275C593 Old RevisionGUID= New RevisionGUID=90052A18-7FA2-444C-A91B-CCFE810AD5FA
Change Managed Component Library Link : Designator=S2 Old VaultGUID= New VaultGUID=7C5C494C-8C0B-46E3-B7B5-096FDD15FE09 Old ItemGUID= New ItemGUID=B19AA859-13D5-4AD4-876A-17BAE275C593 Old RevisionGUID= New RevisionGUID=90052A18-7FA2-444C-A91B-CCFE810AD5FA
Change Managed Component Library Link : Designator=S3 Old VaultGUID= New VaultGUID=7C5C494C-8C0B-46E3-B7B5-096FDD15FE09 Old ItemGUID= New ItemGUID=68493CC3-6A1B-41B8-9A62-B5473B831966 Old RevisionGUID= New RevisionGUID=B761CFB8-E7B0-4B5B-B886-EDFCE8256F71
Change Managed Component Library Link : Designator=SH-J1 Old VaultGUID= New VaultGUID=7C5C494C-8C0B-46E3-B7B5-096FDD15FE09 Old ItemGUID= New ItemGUID=D97BA383-D381-4AEC-839F-1F00202FF53F Old RevisionGUID= New RevisionGUID=b2c30656-8e37-4d69-a7c5-93d1cb60b2a9
Change Managed Component Library Link : Designator=SH-J2 Old VaultGUID= New VaultGUID=7C5C494C-8C0B-46E3-B7B5-096FDD15FE09 Old ItemGUID= New ItemGUID=D97BA383-D381-4AEC-839F-1F00202FF53F Old RevisionGUID= New RevisionGUID=b2c30656-8e37-4d69-a7c5-93d1cb60b2a9
Change Managed Component Library Link : Designator=SH-J3 Old VaultGUID= New VaultGUID=7C5C494C-8C0B-46E3-B7B5-096FDD15FE09 Old ItemGUID= New ItemGUID=D97BA383-D381-4AEC-839F-1F00202FF53F Old RevisionGUID= New RevisionGUID=b2c30656-8e37-4d69-a7c5-93d1cb60b2a9
Change Managed Component Library Link : Designator=SH-J4 Old VaultGUID= New VaultGUID=7C5C494C-8C0B-46E3-B7B5-096FDD15FE09 Old ItemGUID= New ItemGUID=D97BA383-D381-4AEC-839F-1F00202FF53F Old RevisionGUID= New RevisionGUID=b2c30656-8e37-4d69-a7c5-93d1cb60b2a9
Change Managed Component Library Link : Designator=SH-J5 Old VaultGUID= New VaultGUID=7C5C494C-8C0B-46E3-B7B5-096FDD15FE09 Old ItemGUID= New ItemGUID=D97BA383-D381-4AEC-839F-1F00202FF53F Old RevisionGUID= New RevisionGUID=b2c30656-8e37-4d69-a7c5-93d1cb60b2a9
Change Managed Component Library Link : Designator=SH-J6 Old VaultGUID= New VaultGUID=7C5C494C-8C0B-46E3-B7B5-096FDD15FE09 Old ItemGUID= New ItemGUID=D97BA383-D381-4AEC-839F-1F00202FF53F Old RevisionGUID= New RevisionGUID=b2c30656-8e37-4d69-a7c5-93d1cb60b2a9
Change Managed Component Library Link : Designator=SH-J7 Old VaultGUID= New VaultGUID=7C5C494C-8C0B-46E3-B7B5-096FDD15FE09 Old ItemGUID= New ItemGUID=D97BA383-D381-4AEC-839F-1F00202FF53F Old RevisionGUID= New RevisionGUID=b2c30656-8e37-4d69-a7c5-93d1cb60b2a9
Change Managed Component Library Link : Designator=SH-J8 Old VaultGUID= New VaultGUID=7C5C494C-8C0B-46E3-B7B5-096FDD15FE09 Old ItemGUID= New ItemGUID=D97BA383-D381-4AEC-839F-1F00202FF53F Old RevisionGUID= New RevisionGUID=b2c30656-8e37-4d69-a7c5-93d1cb60b2a9
Change Managed Component Library Link : Designator=SH-J9 Old VaultGUID= New VaultGUID=7C5C494C-8C0B-46E3-B7B5-096FDD15FE09 Old ItemGUID= New ItemGUID=D97BA383-D381-4AEC-839F-1F00202FF53F Old RevisionGUID= New RevisionGUID=b2c30656-8e37-4d69-a7c5-93d1cb60b2a9
Change Managed Component Library Link : Designator=SH-J10 Old VaultGUID= New VaultGUID=7C5C494C-8C0B-46E3-B7B5-096FDD15FE09 Old ItemGUID= New ItemGUID=D97BA383-D381-4AEC-839F-1F00202FF53F Old RevisionGUID= New RevisionGUID=b2c30656-8e37-4d69-a7c5-93d1cb60b2a9
Change Managed Component Library Link : Designator=SH-J11 Old VaultGUID= New VaultGUID=7C5C494C-8C0B-46E3-B7B5-096FDD15FE09 Old ItemGUID= New ItemGUID=D97BA383-D381-4AEC-839F-1F00202FF53F Old RevisionGUID= New RevisionGUID=b2c30656-8e37-4d69-a7c5-93d1cb60b2a9
Change Managed Component Library Link : Designator=SH-J12 Old VaultGUID= New VaultGUID=7C5C494C-8C0B-46E3-B7B5-096FDD15FE09 Old ItemGUID= New ItemGUID=D97BA383-D381-4AEC-839F-1F00202FF53F Old RevisionGUID= New RevisionGUID=b2c30656-8e37-4d69-a7c5-93d1cb60b2a9
Change Managed Component Library Link : Designator=SH-J13 Old VaultGUID= New VaultGUID=7C5C494C-8C0B-46E3-B7B5-096FDD15FE09 Old ItemGUID= New ItemGUID=D97BA383-D381-4AEC-839F-1F00202FF53F Old RevisionGUID= New RevisionGUID=b2c30656-8e37-4d69-a7c5-93d1cb60b2a9
Change Managed Component Library Link : Designator=SH-J14 Old VaultGUID= New VaultGUID=7C5C494C-8C0B-46E3-B7B5-096FDD15FE09 Old ItemGUID= New ItemGUID=D97BA383-D381-4AEC-839F-1F00202FF53F Old RevisionGUID= New RevisionGUID=b2c30656-8e37-4d69-a7c5-93d1cb60b2a9
Change Managed Component Library Link : Designator=SH-J15 Old VaultGUID= New VaultGUID=7C5C494C-8C0B-46E3-B7B5-096FDD15FE09 Old ItemGUID= New ItemGUID=D97BA383-D381-4AEC-839F-1F00202FF53F Old RevisionGUID= New RevisionGUID=b2c30656-8e37-4d69-a7c5-93d1cb60b2a9
Change Managed Component Library Link : Designator=SH-J16 Old VaultGUID= New VaultGUID=7C5C494C-8C0B-46E3-B7B5-096FDD15FE09 Old ItemGUID= New ItemGUID=D97BA383-D381-4AEC-839F-1F00202FF53F Old RevisionGUID= New RevisionGUID=b2c30656-8e37-4d69-a7c5-93d1cb60b2a9
Change Managed Component Library Link : Designator=SH-J17 Old VaultGUID= New VaultGUID=7C5C494C-8C0B-46E3-B7B5-096FDD15FE09 Old ItemGUID= New ItemGUID=D97BA383-D381-4AEC-839F-1F00202FF53F Old RevisionGUID= New RevisionGUID=b2c30656-8e37-4d69-a7c5-93d1cb60b2a9
Change Managed Component Library Link : Designator=SH-J18 Old VaultGUID= New VaultGUID=7C5C494C-8C0B-46E3-B7B5-096FDD15FE09 Old ItemGUID= New ItemGUID=D97BA383-D381-4AEC-839F-1F00202FF53F Old RevisionGUID= New RevisionGUID=b2c30656-8e37-4d69-a7c5-93d1cb60b2a9
Change Managed Component Library Link : Designator=SH-J19 Old VaultGUID= New VaultGUID=7C5C494C-8C0B-46E3-B7B5-096FDD15FE09 Old ItemGUID= New ItemGUID=D97BA383-D381-4AEC-839F-1F00202FF53F Old RevisionGUID= New RevisionGUID=b2c30656-8e37-4d69-a7c5-93d1cb60b2a9
Change Managed Component Library Link : Designator=SH-J20 Old VaultGUID= New VaultGUID=7C5C494C-8C0B-46E3-B7B5-096FDD15FE09 Old ItemGUID= New ItemGUID=D97BA383-D381-4AEC-839F-1F00202FF53F Old RevisionGUID= New RevisionGUID=b2c30656-8e37-4d69-a7c5-93d1cb60b2a9
Change Managed Component Library Link : Designator=SH-J21 Old VaultGUID= New VaultGUID=7C5C494C-8C0B-46E3-B7B5-096FDD15FE09 Old ItemGUID= New ItemGUID=D97BA383-D381-4AEC-839F-1F00202FF53F Old RevisionGUID= New RevisionGUID=b2c30656-8e37-4d69-a7c5-93d1cb60b2a9
Change Managed Component Library Link : Designator=TP1 Old VaultGUID= New VaultGUID=7C5C494C-8C0B-46E3-B7B5-096FDD15FE09 Old ItemGUID= New ItemGUID=447AF96F-C100-40D8-98DB-CB431E9044F9 Old RevisionGUID= New RevisionGUID=30FD95E1-3B2D-4209-9043-636A5F68BF9B
Change Managed Component Library Link : Designator=TP2 Old VaultGUID= New VaultGUID=7C5C494C-8C0B-46E3-B7B5-096FDD15FE09 Old ItemGUID= New ItemGUID=34E1F250-20C1-4343-95FF-925158B482C9 Old RevisionGUID= New RevisionGUID=84465E52-1640-464D-AB84-9BA60EFB6BD6
Change Managed Component Library Link : Designator=TP3 Old VaultGUID= New VaultGUID=7C5C494C-8C0B-46E3-B7B5-096FDD15FE09 Old ItemGUID= New ItemGUID=34E1F250-20C1-4343-95FF-925158B482C9 Old RevisionGUID= New RevisionGUID=84465E52-1640-464D-AB84-9BA60EFB6BD6
Change Managed Component Library Link : Designator=TP4 Old VaultGUID= New VaultGUID=7C5C494C-8C0B-46E3-B7B5-096FDD15FE09 Old ItemGUID= New ItemGUID=34E1F250-20C1-4343-95FF-925158B482C9 Old RevisionGUID= New RevisionGUID=84465E52-1640-464D-AB84-9BA60EFB6BD6
Change Managed Component Library Link : Designator=TP5 Old VaultGUID= New VaultGUID=7C5C494C-8C0B-46E3-B7B5-096FDD15FE09 Old ItemGUID= New ItemGUID=34E1F250-20C1-4343-95FF-925158B482C9 Old RevisionGUID= New RevisionGUID=84465E52-1640-464D-AB84-9BA60EFB6BD6
Change Managed Component Library Link : Designator=TP6 Old VaultGUID= New VaultGUID=7C5C494C-8C0B-46E3-B7B5-096FDD15FE09 Old ItemGUID= New ItemGUID=34E1F250-20C1-4343-95FF-925158B482C9 Old RevisionGUID= New RevisionGUID=84465E52-1640-464D-AB84-9BA60EFB6BD6
Change Managed Component Library Link : Designator=TP7 Old VaultGUID= New VaultGUID=7C5C494C-8C0B-46E3-B7B5-096FDD15FE09 Old ItemGUID= New ItemGUID=34E1F250-20C1-4343-95FF-925158B482C9 Old RevisionGUID= New RevisionGUID=84465E52-1640-464D-AB84-9BA60EFB6BD6
Change Managed Component Library Link : Designator=TP8 Old VaultGUID= New VaultGUID=7C5C494C-8C0B-46E3-B7B5-096FDD15FE09 Old ItemGUID= New ItemGUID=34E1F250-20C1-4343-95FF-925158B482C9 Old RevisionGUID= New RevisionGUID=84465E52-1640-464D-AB84-9BA60EFB6BD6
Change Managed Component Library Link : Designator=TP9 Old VaultGUID= New VaultGUID=7C5C494C-8C0B-46E3-B7B5-096FDD15FE09 Old ItemGUID= New ItemGUID=AB2E7FED-61E1-4BF5-B518-D32F0D55FD4F Old RevisionGUID= New RevisionGUID=EED5E606-BAC0-4788-ADBE-07AB1E167456
Change Managed Component Library Link : Designator=TP10 Old VaultGUID= New VaultGUID=7C5C494C-8C0B-46E3-B7B5-096FDD15FE09 Old ItemGUID= New ItemGUID=34E1F250-20C1-4343-95FF-925158B482C9 Old RevisionGUID= New RevisionGUID=84465E52-1640-464D-AB84-9BA60EFB6BD6
Change Managed Component Library Link : Designator=TP11 Old VaultGUID= New VaultGUID=7C5C494C-8C0B-46E3-B7B5-096FDD15FE09 Old ItemGUID= New ItemGUID=34E1F250-20C1-4343-95FF-925158B482C9 Old RevisionGUID= New RevisionGUID=84465E52-1640-464D-AB84-9BA60EFB6BD6
Change Managed Component Library Link : Designator=TP12 Old VaultGUID= New VaultGUID=7C5C494C-8C0B-46E3-B7B5-096FDD15FE09 Old ItemGUID= New ItemGUID=34E1F250-20C1-4343-95FF-925158B482C9 Old RevisionGUID= New RevisionGUID=84465E52-1640-464D-AB84-9BA60EFB6BD6
Change Managed Component Library Link : Designator=TP13 Old VaultGUID= New VaultGUID=7C5C494C-8C0B-46E3-B7B5-096FDD15FE09 Old ItemGUID= New ItemGUID=34E1F250-20C1-4343-95FF-925158B482C9 Old RevisionGUID= New RevisionGUID=84465E52-1640-464D-AB84-9BA60EFB6BD6
Change Managed Component Library Link : Designator=TP14 Old VaultGUID= New VaultGUID=7C5C494C-8C0B-46E3-B7B5-096FDD15FE09 Old ItemGUID= New ItemGUID=B94255BC-ED7C-4410-87C9-8A256A965212 Old RevisionGUID= New RevisionGUID=D295B17B-8D50-4DC5-98B5-37A4D9399669
Change Managed Component Library Link : Designator=TP15 Old VaultGUID= New VaultGUID=7C5C494C-8C0B-46E3-B7B5-096FDD15FE09 Old ItemGUID= New ItemGUID=B94255BC-ED7C-4410-87C9-8A256A965212 Old RevisionGUID= New RevisionGUID=D295B17B-8D50-4DC5-98B5-37A4D9399669
Change Managed Component Library Link : Designator=TP16 Old VaultGUID= New VaultGUID=7C5C494C-8C0B-46E3-B7B5-096FDD15FE09 Old ItemGUID= New ItemGUID=B94255BC-ED7C-4410-87C9-8A256A965212 Old RevisionGUID= New RevisionGUID=D295B17B-8D50-4DC5-98B5-37A4D9399669
Change Managed Component Library Link : Designator=TP17 Old VaultGUID= New VaultGUID=7C5C494C-8C0B-46E3-B7B5-096FDD15FE09 Old ItemGUID= New ItemGUID=B94255BC-ED7C-4410-87C9-8A256A965212 Old RevisionGUID= New RevisionGUID=D295B17B-8D50-4DC5-98B5-37A4D9399669
Change Managed Component Library Link : Designator=TP18 Old VaultGUID= New VaultGUID=7C5C494C-8C0B-46E3-B7B5-096FDD15FE09 Old ItemGUID= New ItemGUID=34E1F250-20C1-4343-95FF-925158B482C9 Old RevisionGUID= New RevisionGUID=84465E52-1640-464D-AB84-9BA60EFB6BD6
Change Managed Component Library Link : Designator=TP19 Old VaultGUID= New VaultGUID=7C5C494C-8C0B-46E3-B7B5-096FDD15FE09 Old ItemGUID= New ItemGUID=34E1F250-20C1-4343-95FF-925158B482C9 Old RevisionGUID= New RevisionGUID=84465E52-1640-464D-AB84-9BA60EFB6BD6
Change Managed Component Library Link : Designator=TP20 Old VaultGUID= New VaultGUID=7C5C494C-8C0B-46E3-B7B5-096FDD15FE09 Old ItemGUID= New ItemGUID=34E1F250-20C1-4343-95FF-925158B482C9 Old RevisionGUID= New RevisionGUID=84465E52-1640-464D-AB84-9BA60EFB6BD6
Change Managed Component Library Link : Designator=TP21 Old VaultGUID= New VaultGUID=7C5C494C-8C0B-46E3-B7B5-096FDD15FE09 Old ItemGUID= New ItemGUID=34E1F250-20C1-4343-95FF-925158B482C9 Old RevisionGUID= New RevisionGUID=84465E52-1640-464D-AB84-9BA60EFB6BD6
Change Managed Component Library Link : Designator=TP22 Old VaultGUID= New VaultGUID=7C5C494C-8C0B-46E3-B7B5-096FDD15FE09 Old ItemGUID= New ItemGUID=34E1F250-20C1-4343-95FF-925158B482C9 Old RevisionGUID= New RevisionGUID=84465E52-1640-464D-AB84-9BA60EFB6BD6
Change Managed Component Library Link : Designator=TP23 Old VaultGUID= New VaultGUID=7C5C494C-8C0B-46E3-B7B5-096FDD15FE09 Old ItemGUID= New ItemGUID=34E1F250-20C1-4343-95FF-925158B482C9 Old RevisionGUID= New RevisionGUID=84465E52-1640-464D-AB84-9BA60EFB6BD6
Change Managed Component Library Link : Designator=TP24 Old VaultGUID= New VaultGUID=7C5C494C-8C0B-46E3-B7B5-096FDD15FE09 Old ItemGUID= New ItemGUID=34E1F250-20C1-4343-95FF-925158B482C9 Old RevisionGUID= New RevisionGUID=84465E52-1640-464D-AB84-9BA60EFB6BD6
Change Managed Component Library Link : Designator=TP25 Old VaultGUID= New VaultGUID=7C5C494C-8C0B-46E3-B7B5-096FDD15FE09 Old ItemGUID= New ItemGUID=34E1F250-20C1-4343-95FF-925158B482C9 Old RevisionGUID= New RevisionGUID=84465E52-1640-464D-AB84-9BA60EFB6BD6
Change Managed Component Library Link : Designator=TP26 Old VaultGUID= New VaultGUID=7C5C494C-8C0B-46E3-B7B5-096FDD15FE09 Old ItemGUID= New ItemGUID=34E1F250-20C1-4343-95FF-925158B482C9 Old RevisionGUID= New RevisionGUID=84465E52-1640-464D-AB84-9BA60EFB6BD6
Change Managed Component Library Link : Designator=TP27 Old VaultGUID= New VaultGUID=7C5C494C-8C0B-46E3-B7B5-096FDD15FE09 Old ItemGUID= New ItemGUID=34E1F250-20C1-4343-95FF-925158B482C9 Old RevisionGUID= New RevisionGUID=84465E52-1640-464D-AB84-9BA60EFB6BD6
Change Managed Component Library Link : Designator=TP28 Old VaultGUID= New VaultGUID=7C5C494C-8C0B-46E3-B7B5-096FDD15FE09 Old ItemGUID= New ItemGUID=34E1F250-20C1-4343-95FF-925158B482C9 Old RevisionGUID= New RevisionGUID=84465E52-1640-464D-AB84-9BA60EFB6BD6
Change Managed Component Library Link : Designator=TP29 Old VaultGUID= New VaultGUID=7C5C494C-8C0B-46E3-B7B5-096FDD15FE09 Old ItemGUID= New ItemGUID=34E1F250-20C1-4343-95FF-925158B482C9 Old RevisionGUID= New RevisionGUID=84465E52-1640-464D-AB84-9BA60EFB6BD6
Change Managed Component Library Link : Designator=TP30 Old VaultGUID= New VaultGUID=7C5C494C-8C0B-46E3-B7B5-096FDD15FE09 Old ItemGUID= New ItemGUID=34E1F250-20C1-4343-95FF-925158B482C9 Old RevisionGUID= New RevisionGUID=84465E52-1640-464D-AB84-9BA60EFB6BD6
Change Managed Component Library Link : Designator=TP31 Old VaultGUID= New VaultGUID=7C5C494C-8C0B-46E3-B7B5-096FDD15FE09 Old ItemGUID= New ItemGUID=34E1F250-20C1-4343-95FF-925158B482C9 Old RevisionGUID= New RevisionGUID=84465E52-1640-464D-AB84-9BA60EFB6BD6
Change Managed Component Library Link : Designator=TP32 Old VaultGUID= New VaultGUID=7C5C494C-8C0B-46E3-B7B5-096FDD15FE09 Old ItemGUID= New ItemGUID=34E1F250-20C1-4343-95FF-925158B482C9 Old RevisionGUID= New RevisionGUID=84465E52-1640-464D-AB84-9BA60EFB6BD6
Change Managed Component Library Link : Designator=TP33 Old VaultGUID= New VaultGUID=7C5C494C-8C0B-46E3-B7B5-096FDD15FE09 Old ItemGUID= New ItemGUID=34E1F250-20C1-4343-95FF-925158B482C9 Old RevisionGUID= New RevisionGUID=84465E52-1640-464D-AB84-9BA60EFB6BD6
Change Managed Component Library Link : Designator=TP34 Old VaultGUID= New VaultGUID=7C5C494C-8C0B-46E3-B7B5-096FDD15FE09 Old ItemGUID= New ItemGUID=34E1F250-20C1-4343-95FF-925158B482C9 Old RevisionGUID= New RevisionGUID=84465E52-1640-464D-AB84-9BA60EFB6BD6
Change Managed Component Library Link : Designator=TP35 Old VaultGUID= New VaultGUID=7C5C494C-8C0B-46E3-B7B5-096FDD15FE09 Old ItemGUID= New ItemGUID=34E1F250-20C1-4343-95FF-925158B482C9 Old RevisionGUID= New RevisionGUID=84465E52-1640-464D-AB84-9BA60EFB6BD6
Change Managed Component Library Link : Designator=TP36 Old VaultGUID= New VaultGUID=7C5C494C-8C0B-46E3-B7B5-096FDD15FE09 Old ItemGUID= New ItemGUID=34E1F250-20C1-4343-95FF-925158B482C9 Old RevisionGUID= New RevisionGUID=84465E52-1640-464D-AB84-9BA60EFB6BD6
Change Managed Component Library Link : Designator=TP37 Old VaultGUID= New VaultGUID=7C5C494C-8C0B-46E3-B7B5-096FDD15FE09 Old ItemGUID= New ItemGUID=34E1F250-20C1-4343-95FF-925158B482C9 Old RevisionGUID= New RevisionGUID=84465E52-1640-464D-AB84-9BA60EFB6BD6
Change Managed Component Library Link : Designator=TP38 Old VaultGUID= New VaultGUID=7C5C494C-8C0B-46E3-B7B5-096FDD15FE09 Old ItemGUID= New ItemGUID=34E1F250-20C1-4343-95FF-925158B482C9 Old RevisionGUID= New RevisionGUID=84465E52-1640-464D-AB84-9BA60EFB6BD6
Change Managed Component Library Link : Designator=TP39 Old VaultGUID= New VaultGUID=7C5C494C-8C0B-46E3-B7B5-096FDD15FE09 Old ItemGUID= New ItemGUID=34E1F250-20C1-4343-95FF-925158B482C9 Old RevisionGUID= New RevisionGUID=84465E52-1640-464D-AB84-9BA60EFB6BD6
Change Managed Component Library Link : Designator=TP40 Old VaultGUID= New VaultGUID=7C5C494C-8C0B-46E3-B7B5-096FDD15FE09 Old ItemGUID= New ItemGUID=34E1F250-20C1-4343-95FF-925158B482C9 Old RevisionGUID= New RevisionGUID=84465E52-1640-464D-AB84-9BA60EFB6BD6
Change Managed Component Library Link : Designator=TP41 Old VaultGUID= New VaultGUID=7C5C494C-8C0B-46E3-B7B5-096FDD15FE09 Old ItemGUID= New ItemGUID=34E1F250-20C1-4343-95FF-925158B482C9 Old RevisionGUID= New RevisionGUID=84465E52-1640-464D-AB84-9BA60EFB6BD6
Change Managed Component Library Link : Designator=TP42 Old VaultGUID= New VaultGUID=7C5C494C-8C0B-46E3-B7B5-096FDD15FE09 Old ItemGUID= New ItemGUID=34E1F250-20C1-4343-95FF-925158B482C9 Old RevisionGUID= New RevisionGUID=84465E52-1640-464D-AB84-9BA60EFB6BD6
Change Managed Component Library Link : Designator=TP43 Old VaultGUID= New VaultGUID=7C5C494C-8C0B-46E3-B7B5-096FDD15FE09 Old ItemGUID= New ItemGUID=856C5070-BC41-4167-A021-2F307CCAAF4B Old RevisionGUID= New RevisionGUID=C7D05D2B-9CDF-4560-A3F0-DEEFDB4BFA31
Change Managed Component Library Link : Designator=TP44 Old VaultGUID= New VaultGUID=7C5C494C-8C0B-46E3-B7B5-096FDD15FE09 Old ItemGUID= New ItemGUID=856C5070-BC41-4167-A021-2F307CCAAF4B Old RevisionGUID= New RevisionGUID=C7D05D2B-9CDF-4560-A3F0-DEEFDB4BFA31
Change Managed Component Library Link : Designator=TP45 Old VaultGUID= New VaultGUID=7C5C494C-8C0B-46E3-B7B5-096FDD15FE09 Old ItemGUID= New ItemGUID=A0BD0ED1-FD41-42FE-8C5A-AA3C0F583789 Old RevisionGUID= New RevisionGUID=B44C2861-E2BC-4B0A-8620-363FBE1B6EA0
Change Managed Component Library Link : Designator=U1 Old VaultGUID= New VaultGUID=7C5C494C-8C0B-46E3-B7B5-096FDD15FE09 Old ItemGUID= New ItemGUID=4E051FDB-7934-47D6-AAF8-D57B1C0EB507 Old RevisionGUID= New RevisionGUID=96AF012A-ED6F-43F0-B100-A10E5317A8A9
Change Managed Component Library Link : Designator=U2 Old VaultGUID= New VaultGUID=7C5C494C-8C0B-46E3-B7B5-096FDD15FE09 Old ItemGUID= New ItemGUID=12D0A1EA-3193-42EE-8425-5DDC1591A88A Old RevisionGUID= New RevisionGUID=78E62A5C-B6A4-4E0D-9F73-8470241A19F0
Change Managed Component Library Link : Designator=U3 Old VaultGUID= New VaultGUID=7C5C494C-8C0B-46E3-B7B5-096FDD15FE09 Old ItemGUID= New ItemGUID=12D0A1EA-3193-42EE-8425-5DDC1591A88A Old RevisionGUID= New RevisionGUID=78E62A5C-B6A4-4E0D-9F73-8470241A19F0
Change Managed Component Library Link : Designator=U4 Old VaultGUID= New VaultGUID=7C5C494C-8C0B-46E3-B7B5-096FDD15FE09 Old ItemGUID= New ItemGUID=12D0A1EA-3193-42EE-8425-5DDC1591A88A Old RevisionGUID= New RevisionGUID=78E62A5C-B6A4-4E0D-9F73-8470241A19F0
Change Managed Component Library Link : Designator=U5 Old VaultGUID= New VaultGUID=7C5C494C-8C0B-46E3-B7B5-096FDD15FE09 Old ItemGUID= New ItemGUID=12D0A1EA-3193-42EE-8425-5DDC1591A88A Old RevisionGUID= New RevisionGUID=78E62A5C-B6A4-4E0D-9F73-8470241A19F0
Change Managed Component Library Link : Designator=U6 Old VaultGUID= New VaultGUID=7C5C494C-8C0B-46E3-B7B5-096FDD15FE09 Old ItemGUID= New ItemGUID=9B4E259F-9DA8-4163-A943-E6C141AC3B79 Old RevisionGUID= New RevisionGUID=73B7A864-985C-4567-8EE7-518F4481DACC
Change Managed Component Library Link : Designator=U7 Old VaultGUID= New VaultGUID=7C5C494C-8C0B-46E3-B7B5-096FDD15FE09 Old ItemGUID= New ItemGUID=9B4E259F-9DA8-4163-A943-E6C141AC3B79 Old RevisionGUID= New RevisionGUID=73B7A864-985C-4567-8EE7-518F4481DACC
Change Managed Component Library Link : Designator=U8 Old VaultGUID= New VaultGUID=7C5C494C-8C0B-46E3-B7B5-096FDD15FE09 Old ItemGUID= New ItemGUID=9B4E259F-9DA8-4163-A943-E6C141AC3B79 Old RevisionGUID= New RevisionGUID=73B7A864-985C-4567-8EE7-518F4481DACC
Change Managed Component Library Link : Designator=U9 Old VaultGUID= New VaultGUID=7C5C494C-8C0B-46E3-B7B5-096FDD15FE09 Old ItemGUID= New ItemGUID=9B4E259F-9DA8-4163-A943-E6C141AC3B79 Old RevisionGUID= New RevisionGUID=73B7A864-985C-4567-8EE7-518F4481DACC
Change Managed Component Library Link : Designator=U10 Old VaultGUID= New VaultGUID=7C5C494C-8C0B-46E3-B7B5-096FDD15FE09 Old ItemGUID= New ItemGUID=375EE9E5-4B9B-4F66-BBC6-DB07A1366A94 Old RevisionGUID= New RevisionGUID=EA215B2E-2771-4359-84F7-858059EDF2AA
Change Managed Component Library Link : Designator=U11 Old VaultGUID= New VaultGUID=7C5C494C-8C0B-46E3-B7B5-096FDD15FE09 Old ItemGUID= New ItemGUID=995B7850-F7A8-40B2-BF00-80C3B19F13D7 Old RevisionGUID= New RevisionGUID=75DFDE97-016F-48BC-9CB8-73D77BBE306C
Change Managed Component Library Link : Designator=U12 Old VaultGUID= New VaultGUID=7C5C494C-8C0B-46E3-B7B5-096FDD15FE09 Old ItemGUID= New ItemGUID=8751E31C-474C-4FE5-B848-67CE0D0BAC44 Old RevisionGUID= New RevisionGUID=28D4747B-3B34-4A30-8617-7930A9A3138F
Change Managed Component Library Link : Designator=U13 Old VaultGUID= New VaultGUID=7C5C494C-8C0B-46E3-B7B5-096FDD15FE09 Old ItemGUID= New ItemGUID=8751E31C-474C-4FE5-B848-67CE0D0BAC44 Old RevisionGUID= New RevisionGUID=28D4747B-3B34-4A30-8617-7930A9A3138F
Change Managed Component Library Link : Designator=U14 Old VaultGUID= New VaultGUID=7C5C494C-8C0B-46E3-B7B5-096FDD15FE09 Old ItemGUID= New ItemGUID=E0FE6AB2-22B2-46E7-9099-28B8FD45977B Old RevisionGUID= New RevisionGUID=AE687D01-F129-4AC4-8BDE-39FA9285CF67
Change Managed Component Library Link : Designator=U15 Old VaultGUID= New VaultGUID=7C5C494C-8C0B-46E3-B7B5-096FDD15FE09 Old ItemGUID= New ItemGUID=8751E31C-474C-4FE5-B848-67CE0D0BAC44 Old RevisionGUID= New RevisionGUID=28D4747B-3B34-4A30-8617-7930A9A3138F
Change Managed Component Library Link : Designator=U16 Old VaultGUID= New VaultGUID=7C5C494C-8C0B-46E3-B7B5-096FDD15FE09 Old ItemGUID= New ItemGUID=8751E31C-474C-4FE5-B848-67CE0D0BAC44 Old RevisionGUID= New RevisionGUID=28D4747B-3B34-4A30-8617-7930A9A3138F
Change Managed Component Library Link : Designator=Y1 Old VaultGUID= New VaultGUID=7C5C494C-8C0B-46E3-B7B5-096FDD15FE09 Old ItemGUID= New ItemGUID=8B6EE282-7C06-4331-9C7D-20408681DF99 Old RevisionGUID= New RevisionGUID=24DD3DD3-1A13-44D2-94C7-8A972CFBBCFD
Change Managed Component Library Link : Designator=ZZ1 Old VaultGUID= New VaultGUID=7C5C494C-8C0B-46E3-B7B5-096FDD15FE09 Old ItemGUID= New ItemGUID=47AAEFEB-9565-4789-B6A0-76BAD118ED53 Old RevisionGUID= New RevisionGUID=B520DFDC-F5EF-4432-AC8A-0F30FC6B179E
Change Managed Component Library Link : Designator=ZZ2 Old VaultGUID= New VaultGUID=7C5C494C-8C0B-46E3-B7B5-096FDD15FE09 Old ItemGUID= New ItemGUID=DA2BE19C-EF6F-4733-84D2-1051BEABEFDE Old RevisionGUID= New RevisionGUID=FABDD51D-05DD-4E48-83BA-7EF3F2220CF8
Change Managed Component Library Link : Designator=ZZ3 Old VaultGUID= New VaultGUID=7C5C494C-8C0B-46E3-B7B5-096FDD15FE09 Old ItemGUID= New ItemGUID=85DB5E0B-EB1E-425B-AB2B-94C5F10CD95B Old RevisionGUID= New RevisionGUID=683F4031-BB9E-4780-B8D3-2307FB27C520
Change component parameters: Designator = "U14" ("U14"); Footprint = "DBV0005A_N"; UniqueID = "\FCBSHQHI" ("\FCBSHQHI")
Change component parameters (AddParameter): Name = "Accuracy(%)"; Value = "3"; VariantName = "[No Variations]"
Change component parameters (AddParameter): Name = "Code_JEDEC"; Value = "MO-178"; VariantName = "[No Variations]"
Change component parameters (AddParameter): Name = "ComponentLink1Description"; Value = "Manufacturer URL"; VariantName = "[No Variations]"
Change component parameters (AddParameter): Name = "ComponentLink1URL"; Value = "http://www.ti.com/"; VariantName = "[No Variations]"
Change component parameters (AddParameter): Name = "ComponentLink2Description"; Value = "Datasheet"; VariantName = "[No Variations]"
Change component parameters (AddParameter): Name = "ComponentLink2URL"; Value = "http://www.ti.com/general/docs/lit/getliterature.tsp?genericPartNumber=TPS76333&fileType=pdf"; VariantName = "[No Variations]"
Change component parameters (AddParameter): Name = "ComponentLink3Description"; Value = "Package Specification"; VariantName = "[No Variations]"
Change component parameters (AddParameter): Name = "ComponentLink3URL"; Value = "http://www.ti.com/litv/pdf/mpds018i"; VariantName = "[No Variations]"
Change component parameters (AddParameter): Name = "DatasheetVersion"; Value = "SLVS181H"; VariantName = "[No Variations]"
Change component parameters (AddParameter): Name = "Eco-Plan"; Value = "Green (RoHS & no Sb/Br)"; VariantName = "[No Variations]"
Change component parameters (AddParameter): Name = "Fixed Output Options(V)"; Value = "3.3"; VariantName = "[No Variations]"
Change component parameters (AddParameter): Name = "Iout(Max)(A)"; Value = "0.15"; VariantName = "[No Variations]"
Change component parameters (AddParameter): Name = "Iq(Typ)(mA)"; Value = "0.08"; VariantName = "[No Variations]"
Change component parameters (AddParameter): Name = "Manufacturer"; Value = "Texas Instruments"; VariantName = "[No Variations]"
Change component parameters (AddParameter): Name = "Mounting Technology"; Value = "Surface Mount"; VariantName = "[No Variations]"
Change component parameters (AddParameter): Name = "PackageDescription"; Value = "5-Pin Plastic Small Outline, Body 1.60 ? 2.90 mm, Pitch 0.95 mm"; VariantName = "[No Variations]"
Change component parameters (AddParameter): Name = "PackageReference"; Value = "DBV0005A"; VariantName = "[No Variations]"
Change component parameters (AddParameter): Name = "PackageVersion"; Value = "4073253-4/K"; VariantName = "[No Variations]"
Change component parameters (AddParameter): Name = "PartNumber"; Value = "TPS76333DBVR"; VariantName = "[No Variations]"
Change component parameters (AddParameter): Name = "SubFamily"; Value = "Single Channel LDO"; VariantName = "[No Variations]"
Change component parameters (AddParameter): Name = "Vdo(Typ)(mV)"; Value = "300"; VariantName = "[No Variations]"
Change component parameters (AddParameter): Name = "Vin(Max)(V)"; Value = "10"; VariantName = "[No Variations]"
Change component parameters (AddParameter): Name = "Vin(Min)(V)"; Value = "2.7"; VariantName = "[No Variations]"
Change component parameters (AddParameter): Name = "Vout Adj(Max)(V)"; Value = "3.3"; VariantName = "[No Variations]"
Change component parameters (AddParameter): Name = "Vout Adj(Min)(V)"; Value = "3.3"; VariantName = "[No Variations]"
